[ 20%] Built target integrated_main
[ 40%] Built target animated_box_1
[ 50%] [32mBuilding CXX object CMakeFiles/animated_box_2.dir/src/animated_box_plugin/animated_box_2.cc.o[0m
[ 60%] [32mBuilding CXX object CMakeFiles/animated_box_4.dir/src/animated_box_plugin/animated_box_4.cc.o[0m
[ 70%] [32mBuilding CXX object CMakeFiles/animated_box_3.dir/src/animated_box_plugin/animated_box_3.cc.o[0m
In file included from [01m[K/usr/include/boost/bind.hpp:30[m[K,
                 from [01m[K/home/addinedu/Desktop/my_mobile/src/my_robot_description/src/animated_box_plugin/animated_box_4.cc:1[m[K:
[01m[K/usr/include/boost/bind.hpp:36:1:[m[K [01;36m[Knote: [m[K‘[01m[K#pragma message: The practice of declaring the Bind placeholders (_1, _2, ...) in the global namespace is deprecated. Please use <boost/bind/bind.hpp> + using namespace boost::placeholders, or define BOOST_BIND_GLOBAL_PLACEHOLDERS to retain the current behavior.[m[K’
   36 | [01;36m[KBOOST_PRAGMA_MESSAGE[m[K(
      | [01;36m[K^~~~~~~~~~~~~~~~~~~~[m[K
In file included from [01m[K/usr/include/boost/bind.hpp:30[m[K,
                 from [01m[K/home/addinedu/Desktop/my_mobile/src/my_robot_description/src/animated_box_plugin/animated_box_3.cc:1[m[K:
[01m[K/usr/include/boost/bind.hpp:36:1:[m[K [01;36m[Knote: [m[K‘[01m[K#pragma message: The practice of declaring the Bind placeholders (_1, _2, ...) in the global namespace is deprecated. Please use <boost/bind/bind.hpp> + using namespace boost::placeholders, or define BOOST_BIND_GLOBAL_PLACEHOLDERS to retain the current behavior.[m[K’
   36 | [01;36m[KBOOST_PRAGMA_MESSAGE[m[K(
      | [01;36m[K^~~~~~~~~~~~~~~~~~~~[m[K
[ 80%] [32m[1mLinking CXX shared library libanimated_box_4.so[0m
[ 90%] [32m[1mLinking CXX shared library libanimated_box_2.so[0m
[100%] [32m[1mLinking CXX shared library libanimated_box_3.so[0m
[100%] Built target animated_box_4
[100%] Built target animated_box_2
[100%] Built target animated_box_3
-- Install configuration: ""
-- Up-to-date: /home/addinedu/Desktop/my_mobile/install/my_robot_description/share/my_robot_description/rviz
-- Up-to-date: /home/addinedu/Desktop/my_mobile/install/my_robot_description/share/my_robot_description/rviz/nav2_view.rviz
-- Up-to-date: /home/addinedu/Desktop/my_mobile/install/my_robot_description/share/my_robot_description/rviz/test_gazebo.rviz
-- Up-to-date: /home/addinedu/Desktop/my_mobile/install/my_robot_description/share/my_robot_description/rviz/urdf_config.rviz
-- Up-to-date: /home/addinedu/Desktop/my_mobile/install/my_robot_description/share/my_robot_description/urdf
-- Up-to-date: /home/addinedu/Desktop/my_mobile/install/my_robot_description/share/my_robot_description/urdf/gazebo_control.xacro
-- Up-to-date: /home/addinedu/Desktop/my_mobile/install/my_robot_description/share/my_robot_description/urdf/lidar.xacro
-- Up-to-date: /home/addinedu/Desktop/my_mobile/install/my_robot_description/share/my_robot_description/urdf/macros.xacro
-- Up-to-date: /home/addinedu/Desktop/my_mobile/install/my_robot_description/share/my_robot_description/urdf/camera.xacro
-- Up-to-date: /home/addinedu/Desktop/my_mobile/install/my_robot_description/share/my_robot_description/urdf/robot_core.xacro
-- Up-to-date: /home/addinedu/Desktop/my_mobile/install/my_robot_description/share/my_robot_description/urdf/robot.urdf.xacro
-- Up-to-date: /home/addinedu/Desktop/my_mobile/install/my_robot_description/share/my_robot_description/launch
-- Up-to-date: /home/addinedu/Desktop/my_mobile/install/my_robot_description/share/my_robot_description/launch/map_building.launch.py
-- Up-to-date: /home/addinedu/Desktop/my_mobile/install/my_robot_description/share/my_robot_description/launch/localization_launch.xml
-- Up-to-date: /home/addinedu/Desktop/my_mobile/install/my_robot_description/share/my_robot_description/launch/upload.launch.xml
-- Up-to-date: /home/addinedu/Desktop/my_mobile/install/my_robot_description/share/my_robot_description/launch/bringup_launch.xml
-- Up-to-date: /home/addinedu/Desktop/my_mobile/install/my_robot_description/share/my_robot_description/launch/display.launch.py
-- Up-to-date: /home/addinedu/Desktop/my_mobile/install/my_robot_description/share/my_robot_description/launch/nav2_view.launch.xml
-- Up-to-date: /home/addinedu/Desktop/my_mobile/install/my_robot_description/share/my_robot_description/launch/occupancy_grid.launch.py
-- Up-to-date: /home/addinedu/Desktop/my_mobile/install/my_robot_description/share/my_robot_description/launch/cartographer.launch.py
-- Up-to-date: /home/addinedu/Desktop/my_mobile/install/my_robot_description/share/my_robot_description/launch/navigation_launch.xml
-- Installing: /home/addinedu/Desktop/my_mobile/install/my_robot_description/share/my_robot_description/launch/launch_sim.launch.py
-- Up-to-date: /home/addinedu/Desktop/my_mobile/install/my_robot_description/share/my_robot_description/launch/map_building.launch.xml
-- Up-to-date: /home/addinedu/Desktop/my_mobile/install/my_robot_description/share/my_robot_description/launch/upload.launch.py
-- Up-to-date: /home/addinedu/Desktop/my_mobile/install/my_robot_description/share/my_robot_description/meshes
-- Up-to-date: /home/addinedu/Desktop/my_mobile/install/my_robot_description/share/my_robot_description/meshes/bases
-- Up-to-date: /home/addinedu/Desktop/my_mobile/install/my_robot_description/share/my_robot_description/meshes/bases/Main.stl
-- Up-to-date: /home/addinedu/Desktop/my_mobile/install/my_robot_description/share/my_robot_description/meshes/endoscope_cart.stl
-- Up-to-date: /home/addinedu/Desktop/my_mobile/install/my_robot_description/share/my_robot_description/meshes/endoscopy_room.stl
-- Up-to-date: /home/addinedu/Desktop/my_mobile/install/my_robot_description/share/my_robot_description/meshes/camera.stl
-- Up-to-date: /home/addinedu/Desktop/my_mobile/install/my_robot_description/share/my_robot_description/meshes/2Dlidar.stl
-- Up-to-date: /home/addinedu/Desktop/my_mobile/install/my_robot_description/share/my_robot_description/meshes/Size
-- Up-to-date: /home/addinedu/Desktop/my_mobile/install/my_robot_description/share/my_robot_description/meshes/Size/Lidar Y.jpg
-- Up-to-date: /home/addinedu/Desktop/my_mobile/install/my_robot_description/share/my_robot_description/meshes/Size/STL file
-- Up-to-date: /home/addinedu/Desktop/my_mobile/install/my_robot_description/share/my_robot_description/meshes/Size/STL file/Front_left.stl
-- Up-to-date: /home/addinedu/Desktop/my_mobile/install/my_robot_description/share/my_robot_description/meshes/Size/STL file/Rear_left.stl
-- Up-to-date: /home/addinedu/Desktop/my_mobile/install/my_robot_description/share/my_robot_description/meshes/Size/STL file/Camera.stl
-- Up-to-date: /home/addinedu/Desktop/my_mobile/install/my_robot_description/share/my_robot_description/meshes/Size/STL file/Rear_right.stl
-- Up-to-date: /home/addinedu/Desktop/my_mobile/install/my_robot_description/share/my_robot_description/meshes/Size/STL file/Main.stl
-- Up-to-date: /home/addinedu/Desktop/my_mobile/install/my_robot_description/share/my_robot_description/meshes/Size/STL file/lidar.stl
-- Up-to-date: /home/addinedu/Desktop/my_mobile/install/my_robot_description/share/my_robot_description/meshes/Size/STL file/Front_right.stl
-- Up-to-date: /home/addinedu/Desktop/my_mobile/install/my_robot_description/share/my_robot_description/meshes/Size/Robot length.jpg
-- Up-to-date: /home/addinedu/Desktop/my_mobile/install/my_robot_description/share/my_robot_description/meshes/Size/distance between wheel .jpg
-- Up-to-date: /home/addinedu/Desktop/my_mobile/install/my_robot_description/share/my_robot_description/meshes/Size/Robot width.jpg
-- Up-to-date: /home/addinedu/Desktop/my_mobile/install/my_robot_description/share/my_robot_description/meshes/Size/Bottom view.jpg
-- Up-to-date: /home/addinedu/Desktop/my_mobile/install/my_robot_description/share/my_robot_description/meshes/Size/distance wheel front back.jpg
-- Up-to-date: /home/addinedu/Desktop/my_mobile/install/my_robot_description/share/my_robot_description/meshes/Size/Camera Y.jpg
-- Up-to-date: /home/addinedu/Desktop/my_mobile/install/my_robot_description/share/my_robot_description/meshes/Size/Top view.jpg
-- Up-to-date: /home/addinedu/Desktop/my_mobile/install/my_robot_description/share/my_robot_description/meshes/Size/Wheel radius.jpg
-- Up-to-date: /home/addinedu/Desktop/my_mobile/install/my_robot_description/share/my_robot_description/meshes/Size/lidar X.jpg
-- Up-to-date: /home/addinedu/Desktop/my_mobile/install/my_robot_description/share/my_robot_description/meshes/Size/lidar Z.jpg
-- Up-to-date: /home/addinedu/Desktop/my_mobile/install/my_robot_description/share/my_robot_description/meshes/Size/Camera Z.jpg
-- Up-to-date: /home/addinedu/Desktop/my_mobile/install/my_robot_description/share/my_robot_description/meshes/Size/Camera X.jpg
-- Up-to-date: /home/addinedu/Desktop/my_mobile/install/my_robot_description/share/my_robot_description/meshes/wheel.stl
-- Up-to-date: /home/addinedu/Desktop/my_mobile/install/my_robot_description/share/my_robot_description/meshes/sensors
-- Up-to-date: /home/addinedu/Desktop/my_mobile/install/my_robot_description/share/my_robot_description/meshes/sensors/camera.stl
-- Up-to-date: /home/addinedu/Desktop/my_mobile/install/my_robot_description/share/my_robot_description/meshes/sensors/lidar.stl
-- Up-to-date: /home/addinedu/Desktop/my_mobile/install/my_robot_description/share/my_robot_description/meshes/sensors/Hokuyo.stl
-- Up-to-date: /home/addinedu/Desktop/my_mobile/install/my_robot_description/share/my_robot_description/meshes/castor.stl
-- Up-to-date: /home/addinedu/Desktop/my_mobile/install/my_robot_description/share/my_robot_description/meshes/[08]Basket_Table.pdf
-- Up-to-date: /home/addinedu/Desktop/my_mobile/install/my_robot_description/share/my_robot_description/meshes/wheels
-- Up-to-date: /home/addinedu/Desktop/my_mobile/install/my_robot_description/share/my_robot_description/meshes/wheels/Front_right_wheel.stl
-- Up-to-date: /home/addinedu/Desktop/my_mobile/install/my_robot_description/share/my_robot_description/meshes/wheels/left_tire.stl
-- Up-to-date: /home/addinedu/Desktop/my_mobile/install/my_robot_description/share/my_robot_description/meshes/wheels/Rear_right_wheel.stl
-- Up-to-date: /home/addinedu/Desktop/my_mobile/install/my_robot_description/share/my_robot_description/meshes/wheels/Rear_left_wheel.stl
-- Up-to-date: /home/addinedu/Desktop/my_mobile/install/my_robot_description/share/my_robot_description/meshes/wheels/Front_left_wheel.stl
-- Up-to-date: /home/addinedu/Desktop/my_mobile/install/my_robot_description/share/my_robot_description/meshes/wheels/right_tire.stl
-- Up-to-date: /home/addinedu/Desktop/my_mobile/install/my_robot_description/share/my_robot_description/meshes/surgery_cart.stl
-- Up-to-date: /home/addinedu/Desktop/my_mobile/install/my_robot_description/share/my_robot_description/meshes/3Dlidar.stl
-- Up-to-date: /home/addinedu/Desktop/my_mobile/install/my_robot_description/share/my_robot_description/config
-- Up-to-date: /home/addinedu/Desktop/my_mobile/install/my_robot_description/share/my_robot_description/config/nav2_params_vec.yaml
-- Up-to-date: /home/addinedu/Desktop/my_mobile/install/my_robot_description/share/my_robot_description/config/nav2_params.yaml
-- Up-to-date: /home/addinedu/Desktop/my_mobile/install/my_robot_description/share/my_robot_description/config/lidar.rviz
-- Up-to-date: /home/addinedu/Desktop/my_mobile/install/my_robot_description/share/my_robot_description/config/with_robot.world
-- Up-to-date: /home/addinedu/Desktop/my_mobile/install/my_robot_description/share/my_robot_description/config/mapper_params.yaml
-- Up-to-date: /home/addinedu/Desktop/my_mobile/install/my_robot_description/share/my_robot_description/worlds
-- Up-to-date: /home/addinedu/Desktop/my_mobile/install/my_robot_description/share/my_robot_description/worlds/huksberry
-- Up-to-date: /home/addinedu/Desktop/my_mobile/install/my_robot_description/share/my_robot_description/worlds/huksberry/model.sdf
-- Up-to-date: /home/addinedu/Desktop/my_mobile/install/my_robot_description/share/my_robot_description/worlds/huksberry/model.config
-- Up-to-date: /home/addinedu/Desktop/my_mobile/install/my_robot_description/share/my_robot_description/worlds/huksberry/meshes
-- Up-to-date: /home/addinedu/Desktop/my_mobile/install/my_robot_description/share/my_robot_description/worlds/huksberry/meshes/huksberry.dae
-- Up-to-date: /home/addinedu/Desktop/my_mobile/install/my_robot_description/share/my_robot_description/worlds/animated_box.world
-- Up-to-date: /home/addinedu/Desktop/my_mobile/install/my_robot_description/share/my_robot_description/worlds/realMap
-- Up-to-date: /home/addinedu/Desktop/my_mobile/install/my_robot_description/share/my_robot_description/worlds/realMap/model.sdf
-- Up-to-date: /home/addinedu/Desktop/my_mobile/install/my_robot_description/share/my_robot_description/worlds/realMap/model.config
-- Installing: /home/addinedu/Desktop/my_mobile/install/my_robot_description/share/my_robot_description/worlds/realMap.world
-- Up-to-date: /home/addinedu/Desktop/my_mobile/install/my_robot_description/share/my_robot_description/models
-- Up-to-date: /home/addinedu/Desktop/my_mobile/install/my_robot_description/share/my_robot_description/models/simple_building
-- Up-to-date: /home/addinedu/Desktop/my_mobile/install/my_robot_description/lib/libanimated_box_1.so
-- Installing: /home/addinedu/Desktop/my_mobile/install/my_robot_description/lib/libanimated_box_2.so
-- Set non-toolchain portion of runtime path of "/home/addinedu/Desktop/my_mobile/install/my_robot_description/lib/libanimated_box_2.so" to ""
-- Installing: /home/addinedu/Desktop/my_mobile/install/my_robot_description/lib/libanimated_box_3.so
-- Set non-toolchain portion of runtime path of "/home/addinedu/Desktop/my_mobile/install/my_robot_description/lib/libanimated_box_3.so" to ""
-- Installing: /home/addinedu/Desktop/my_mobile/install/my_robot_description/lib/libanimated_box_4.so
-- Set non-toolchain portion of runtime path of "/home/addinedu/Desktop/my_mobile/install/my_robot_description/lib/libanimated_box_4.so" to ""
-- Up-to-date: /home/addinedu/Desktop/my_mobile/install/my_robot_description/bin/integrated_main
-- Up-to-date: /home/addinedu/Desktop/my_mobile/install/my_robot_description/include/
-- Up-to-date: /home/addinedu/Desktop/my_mobile/install/my_robot_description/include//my_robot_description
-- Up-to-date: /home/addinedu/Desktop/my_mobile/install/my_robot_description/share/my_robot_description/environment/library_path.sh
-- Up-to-date: /home/addinedu/Desktop/my_mobile/install/my_robot_description/share/my_robot_description/environment/library_path.dsv
-- Up-to-date: /home/addinedu/Desktop/my_mobile/install/my_robot_description/share/ament_index/resource_index/package_run_dependencies/my_robot_description
-- Up-to-date: /home/addinedu/Desktop/my_mobile/install/my_robot_description/share/ament_index/resource_index/parent_prefix_path/my_robot_description
-- Up-to-date: /home/addinedu/Desktop/my_mobile/install/my_robot_description/share/my_robot_description/environment/ament_prefix_path.sh
-- Up-to-date: /home/addinedu/Desktop/my_mobile/install/my_robot_description/share/my_robot_description/environment/ament_prefix_path.dsv
-- Up-to-date: /home/addinedu/Desktop/my_mobile/install/my_robot_description/share/my_robot_description/environment/path.sh
-- Up-to-date: /home/addinedu/Desktop/my_mobile/install/my_robot_description/share/my_robot_description/environment/path.dsv
-- Up-to-date: /home/addinedu/Desktop/my_mobile/install/my_robot_description/share/my_robot_description/local_setup.bash
-- Up-to-date: /home/addinedu/Desktop/my_mobile/install/my_robot_description/share/my_robot_description/local_setup.sh
-- Up-to-date: /home/addinedu/Desktop/my_mobile/install/my_robot_description/share/my_robot_description/local_setup.zsh
-- Up-to-date: /home/addinedu/Desktop/my_mobile/install/my_robot_description/share/my_robot_description/local_setup.dsv
-- Installing: /home/addinedu/Desktop/my_mobile/install/my_robot_description/share/my_robot_description/package.dsv
-- Up-to-date: /home/addinedu/Desktop/my_mobile/install/my_robot_description/share/ament_index/resource_index/packages/my_robot_description
-- Up-to-date: /home/addinedu/Desktop/my_mobile/install/my_robot_description/share/my_robot_description/cmake/ament_cmake_export_libraries-extras.cmake
-- Up-to-date: /home/addinedu/Desktop/my_mobile/install/my_robot_description/share/my_robot_description/cmake/my_robot_descriptionConfig.cmake
-- Up-to-date: /home/addinedu/Desktop/my_mobile/install/my_robot_description/share/my_robot_description/cmake/my_robot_descriptionConfig-version.cmake
-- Up-to-date: /home/addinedu/Desktop/my_mobile/install/my_robot_description/share/my_robot_description/package.xml
