[0.236s] Invoking command in '/home/addinedu/Desktop/my_mobile/build/my_robot_navigation': CMAKE_PREFIX_PATH=/opt/ros/humble /usr/local/bin/cmake /home/addinedu/Desktop/my_mobile/src/my_robot_navigation -DCMAKE_INSTALL_PREFIX=/home/addinedu/Desktop/my_mobile/install/my_robot_navigation
[0.239s] [0mCMake Deprecation Warning at CMakeLists.txt:1 (cmake_minimum_required):
[0.239s]   Compatibility with CMake < 3.10 will be removed from a future version of
[0.239s]   CMake.
[0.239s] 
[0.239s]   Update the VERSION argument <min> value or use a ...<max> suffix to tell
[0.239s]   CMake that the project does not need compatibility with older versions.
[0.239s] 
[0.239s] [0m
[0.333s] -- The C compiler identification is GNU 11.4.0
[0.418s] -- The CXX compiler identification is GNU 11.4.0
[0.426s] -- Detecting C compiler ABI info
[0.499s] -- Detecting C compiler ABI info - done
[0.513s] -- Check for working C compiler: /usr/bin/cc - skipped
[0.513s] -- Detecting C compile features
[0.513s] -- Detecting C compile features - done
[0.523s] -- Detecting CXX compiler ABI info
[0.590s] -- Detecting CXX compiler ABI info - done
[0.603s] -- Check for working CXX compiler: /usr/bin/c++ - skipped
[0.604s] -- Detecting CXX compile features
[0.604s] -- Detecting CXX compile features - done
[0.613s] -- Found ament_cmake: 1.3.11 (/opt/ros/humble/share/ament_cmake/cmake)
[0.717s] -- Found Python3: /usr/bin/python3 (found version "3.10.16") found components: Interpreter
[0.798s] -- Found ament_lint_auto: 0.12.11 (/opt/ros/humble/share/ament_lint_auto/cmake)
[0.863s] -- Added test 'flake8' to check Python code syntax and style conventions
[0.864s] -- Added test 'lint_cmake' to check CMake code style
[0.866s] -- Added test 'pep257' to check Python code against some of the docstring style conventions in PEP 257
[0.870s] -- Added test 'xmllint' to check XML markup files
[0.871s] -- Configuring done (0.6s)
[0.875s] -- Generating done (0.0s)
[0.876s] -- Build files have been written to: /home/addinedu/Desktop/my_mobile/build/my_robot_navigation
[0.880s] Invoked command in '/home/addinedu/Desktop/my_mobile/build/my_robot_navigation' returned '0': CMAKE_PREFIX_PATH=/opt/ros/humble /usr/local/bin/cmake /home/addinedu/Desktop/my_mobile/src/my_robot_navigation -DCMAKE_INSTALL_PREFIX=/home/addinedu/Desktop/my_mobile/install/my_robot_navigation
[0.882s] Invoking command in '/home/addinedu/Desktop/my_mobile/build/my_robot_navigation': CMAKE_PREFIX_PATH=/opt/ros/humble /usr/local/bin/cmake --build /home/addinedu/Desktop/my_mobile/build/my_robot_navigation -- -j16 -l16
[0.899s] Invoked command in '/home/addinedu/Desktop/my_mobile/build/my_robot_navigation' returned '0': CMAKE_PREFIX_PATH=/opt/ros/humble /usr/local/bin/cmake --build /home/addinedu/Desktop/my_mobile/build/my_robot_navigation -- -j16 -l16
[0.904s] Invoking command in '/home/addinedu/Desktop/my_mobile/build/my_robot_navigation': CMAKE_PREFIX_PATH=/opt/ros/humble /usr/local/bin/cmake --install /home/addinedu/Desktop/my_mobile/build/my_robot_navigation
[0.908s] -- Install configuration: ""
[0.908s] -- Installing: /home/addinedu/Desktop/my_mobile/install/my_robot_navigation/share/my_robot_navigation/launch
[0.908s] -- Installing: /home/addinedu/Desktop/my_mobile/install/my_robot_navigation/share/my_robot_navigation/launch/localization_launch.xml
[0.909s] -- Installing: /home/addinedu/Desktop/my_mobile/install/my_robot_navigation/share/my_robot_navigation/launch/bringup_launch.xml
[0.909s] -- Installing: /home/addinedu/Desktop/my_mobile/install/my_robot_navigation/share/my_robot_navigation/launch/nav2_view.launch.xml
[0.909s] -- Installing: /home/addinedu/Desktop/my_mobile/install/my_robot_navigation/share/my_robot_navigation/launch/navigation_launch.xml
[0.909s] -- Installing: /home/addinedu/Desktop/my_mobile/install/my_robot_navigation/share/my_robot_navigation/launch/map_building.launch.xml
[0.909s] -- Installing: /home/addinedu/Desktop/my_mobile/install/my_robot_navigation/share/my_robot_navigation/config
[0.910s] -- Installing: /home/addinedu/Desktop/my_mobile/install/my_robot_navigation/share/my_robot_navigation/config/nav2_params_vec.yaml
[0.910s] -- Installing: /home/addinedu/Desktop/my_mobile/install/my_robot_navigation/share/my_robot_navigation/config/nav2_params.yaml
[0.910s] -- Installing: /home/addinedu/Desktop/my_mobile/install/my_robot_navigation/share/my_robot_navigation/config/mapper_params.yaml
[0.910s] -- Installing: /home/addinedu/Desktop/my_mobile/install/my_robot_navigation/share/my_robot_navigation/config/nav2_params copy.yaml
[0.910s] -- Installing: /home/addinedu/Desktop/my_mobile/install/my_robot_navigation/share/my_robot_navigation/maps
[0.911s] -- Installing: /home/addinedu/Desktop/my_mobile/install/my_robot_navigation/share/my_robot_navigation/maps/realMap.pgm
[0.911s] -- Installing: /home/addinedu/Desktop/my_mobile/install/my_robot_navigation/share/my_robot_navigation/maps/map_name.pgm
[0.912s] -- Installing: /home/addinedu/Desktop/my_mobile/install/my_robot_navigation/share/my_robot_navigation/maps/realMap.yaml
[0.912s] -- Installing: /home/addinedu/Desktop/my_mobile/install/my_robot_navigation/share/my_robot_navigation/maps/map_name.yaml
[0.913s] -- Installing: /home/addinedu/Desktop/my_mobile/install/my_robot_navigation/share/my_robot_navigation/rviz
[0.913s] -- Installing: /home/addinedu/Desktop/my_mobile/install/my_robot_navigation/share/my_robot_navigation/rviz/nav2_view.rviz
[0.913s] -- Installing: /home/addinedu/Desktop/my_mobile/install/my_robot_navigation/share/my_robot_navigation/publish
[0.913s] -- Installing: /home/addinedu/Desktop/my_mobile/install/my_robot_navigation/share/my_robot_navigation/publish/nav2_mygoal_publisher.py
[0.913s] -- Installing: /home/addinedu/Desktop/my_mobile/install/my_robot_navigation/share/ament_index/resource_index/package_run_dependencies/my_robot_navigation
[0.913s] -- Installing: /home/addinedu/Desktop/my_mobile/install/my_robot_navigation/share/ament_index/resource_index/parent_prefix_path/my_robot_navigation
[0.914s] -- Installing: /home/addinedu/Desktop/my_mobile/install/my_robot_navigation/share/my_robot_navigation/environment/ament_prefix_path.sh
[0.914s] -- Installing: /home/addinedu/Desktop/my_mobile/install/my_robot_navigation/share/my_robot_navigation/environment/ament_prefix_path.dsv
[0.914s] -- Installing: /home/addinedu/Desktop/my_mobile/install/my_robot_navigation/share/my_robot_navigation/environment/path.sh
[0.914s] -- Installing: /home/addinedu/Desktop/my_mobile/install/my_robot_navigation/share/my_robot_navigation/environment/path.dsv
[0.914s] -- Installing: /home/addinedu/Desktop/my_mobile/install/my_robot_navigation/share/my_robot_navigation/local_setup.bash
[0.914s] -- Installing: /home/addinedu/Desktop/my_mobile/install/my_robot_navigation/share/my_robot_navigation/local_setup.sh
[0.915s] -- Installing: /home/addinedu/Desktop/my_mobile/install/my_robot_navigation/share/my_robot_navigation/local_setup.zsh
[0.915s] -- Installing: /home/addinedu/Desktop/my_mobile/install/my_robot_navigation/share/my_robot_navigation/local_setup.dsv
[0.915s] -- Installing: /home/addinedu/Desktop/my_mobile/install/my_robot_navigation/share/my_robot_navigation/package.dsv
[0.915s] -- Installing: /home/addinedu/Desktop/my_mobile/install/my_robot_navigation/share/ament_index/resource_index/packages/my_robot_navigation
[0.915s] -- Installing: /home/addinedu/Desktop/my_mobile/install/my_robot_navigation/share/my_robot_navigation/cmake/my_robot_navigationConfig.cmake
[0.915s] -- Installing: /home/addinedu/Desktop/my_mobile/install/my_robot_navigation/share/my_robot_navigation/cmake/my_robot_navigationConfig-version.cmake
[0.915s] -- Installing: /home/addinedu/Desktop/my_mobile/install/my_robot_navigation/share/my_robot_navigation/package.xml
[0.917s] Invoked command in '/home/addinedu/Desktop/my_mobile/build/my_robot_navigation' returned '0': CMAKE_PREFIX_PATH=/opt/ros/humble /usr/local/bin/cmake --install /home/addinedu/Desktop/my_mobile/build/my_robot_navigation
