[0.236s] Invoking command in '/home/addinedu/Desktop/my_mobile/build/my_robot_description': CMAKE_PREFIX_PATH=/opt/ros/humble /usr/local/bin/cmake /home/addinedu/Desktop/my_mobile/src/my_robot_description -DCMAKE_INSTALL_PREFIX=/home/addinedu/Desktop/my_mobile/install/my_robot_description
[0.241s] [0mCMake Deprecation Warning at CMakeLists.txt:1 (cmake_minimum_required):
[0.241s]   Compatibility with CMake < 3.10 will be removed from a future version of
[0.241s]   CMake.
[0.241s] 
[0.241s]   Update the VERSION argument <min> value or use a ...<max> suffix to tell
[0.241s]   CMake that the project does not need compatibility with older versions.
[0.241s] 
[0.241s] [0m
[0.337s] -- The C compiler identification is GNU 11.4.0
[0.421s] -- The CXX compiler identification is GNU 11.4.0
[0.430s] -- Detecting C compiler ABI info
[0.503s] -- Detecting C compiler ABI info - done
[0.516s] -- Check for working C compiler: /usr/bin/cc - skipped
[0.516s] -- Detecting C compile features
[0.517s] -- Detecting C compile features - done
[0.527s] -- Detecting CXX compiler ABI info
[0.591s] -- Detecting CXX compiler ABI info - done
[0.604s] -- Check for working CXX compiler: /usr/bin/c++ - skipped
[0.604s] -- Detecting CXX compile features
[0.604s] -- Detecting CXX compile features - done
[0.616s] -- Found ament_cmake: 1.3.11 (/opt/ros/humble/share/ament_cmake/cmake)
[0.720s] -- Found Python3: /usr/bin/python3 (found version "3.10.16") found components: Interpreter
[0.802s] -- Found ament_lint_auto: 0.12.11 (/opt/ros/humble/share/ament_lint_auto/cmake)
[0.871s] -- Added test 'flake8' to check Python code syntax and style conventions
[0.873s] -- Added test 'lint_cmake' to check CMake code style
[0.874s] -- Added test 'pep257' to check Python code against some of the docstring style conventions in PEP 257
[0.881s] -- Added test 'xmllint' to check XML markup files
[0.882s] -- Configuring done (0.6s)
[0.885s] -- Generating done (0.0s)
[0.886s] -- Build files have been written to: /home/addinedu/Desktop/my_mobile/build/my_robot_description
[0.890s] Invoked command in '/home/addinedu/Desktop/my_mobile/build/my_robot_description' returned '0': CMAKE_PREFIX_PATH=/opt/ros/humble /usr/local/bin/cmake /home/addinedu/Desktop/my_mobile/src/my_robot_description -DCMAKE_INSTALL_PREFIX=/home/addinedu/Desktop/my_mobile/install/my_robot_description
[0.891s] Invoking command in '/home/addinedu/Desktop/my_mobile/build/my_robot_description': CMAKE_PREFIX_PATH=/opt/ros/humble /usr/local/bin/cmake --build /home/addinedu/Desktop/my_mobile/build/my_robot_description -- -j16 -l16
[0.910s] Invoked command in '/home/addinedu/Desktop/my_mobile/build/my_robot_description' returned '0': CMAKE_PREFIX_PATH=/opt/ros/humble /usr/local/bin/cmake --build /home/addinedu/Desktop/my_mobile/build/my_robot_description -- -j16 -l16
[0.911s] Invoking command in '/home/addinedu/Desktop/my_mobile/build/my_robot_description': CMAKE_PREFIX_PATH=/opt/ros/humble /usr/local/bin/cmake --install /home/addinedu/Desktop/my_mobile/build/my_robot_description
[0.913s] -- Install configuration: ""
[0.913s] -- Installing: /home/addinedu/Desktop/my_mobile/install/my_robot_description/share/my_robot_description/rviz
[0.914s] -- Installing: /home/addinedu/Desktop/my_mobile/install/my_robot_description/share/my_robot_description/rviz/nav2_view.rviz
[0.914s] -- Installing: /home/addinedu/Desktop/my_mobile/install/my_robot_description/share/my_robot_description/rviz/test_gazebo.rviz
[0.914s] -- Installing: /home/addinedu/Desktop/my_mobile/install/my_robot_description/share/my_robot_description/rviz/urdf_config.rviz
[0.914s] -- Installing: /home/addinedu/Desktop/my_mobile/install/my_robot_description/share/my_robot_description/urdf
[0.914s] -- Installing: /home/addinedu/Desktop/my_mobile/install/my_robot_description/share/my_robot_description/urdf/gazebo_control.xacro
[0.914s] -- Installing: /home/addinedu/Desktop/my_mobile/install/my_robot_description/share/my_robot_description/urdf/lidar.xacro
[0.914s] -- Installing: /home/addinedu/Desktop/my_mobile/install/my_robot_description/share/my_robot_description/urdf/macros.xacro
[0.914s] -- Installing: /home/addinedu/Desktop/my_mobile/install/my_robot_description/share/my_robot_description/urdf/camera.xacro
[0.915s] -- Installing: /home/addinedu/Desktop/my_mobile/install/my_robot_description/share/my_robot_description/urdf/robot_core.xacro
[0.915s] -- Installing: /home/addinedu/Desktop/my_mobile/install/my_robot_description/share/my_robot_description/urdf/robot.urdf.xacro
[0.915s] -- Installing: /home/addinedu/Desktop/my_mobile/install/my_robot_description/share/my_robot_description/launch
[0.915s] -- Installing: /home/addinedu/Desktop/my_mobile/install/my_robot_description/share/my_robot_description/launch/map_building.launch.py
[0.915s] -- Installing: /home/addinedu/Desktop/my_mobile/install/my_robot_description/share/my_robot_description/launch/localization_launch.xml
[0.916s] -- Installing: /home/addinedu/Desktop/my_mobile/install/my_robot_description/share/my_robot_description/launch/upload.launch.xml
[0.916s] -- Installing: /home/addinedu/Desktop/my_mobile/install/my_robot_description/share/my_robot_description/launch/bringup_launch.xml
[0.918s] -- Installing: /home/addinedu/Desktop/my_mobile/install/my_robot_description/share/my_robot_description/launch/display.launch.py
[0.918s] -- Installing: /home/addinedu/Desktop/my_mobile/install/my_robot_description/share/my_robot_description/launch/nav2_view.launch.xml
[0.918s] -- Installing: /home/addinedu/Desktop/my_mobile/install/my_robot_description/share/my_robot_description/launch/occupancy_grid.launch.py
[0.918s] -- Installing: /home/addinedu/Desktop/my_mobile/install/my_robot_description/share/my_robot_description/launch/cartographer.launch.py
[0.918s] -- Installing: /home/addinedu/Desktop/my_mobile/install/my_robot_description/share/my_robot_description/launch/navigation_launch.xml
[0.918s] -- Installing: /home/addinedu/Desktop/my_mobile/install/my_robot_description/share/my_robot_description/launch/launch_sim.launch.py
[0.918s] -- Installing: /home/addinedu/Desktop/my_mobile/install/my_robot_description/share/my_robot_description/launch/map_building.launch.xml
[0.918s] -- Installing: /home/addinedu/Desktop/my_mobile/install/my_robot_description/share/my_robot_description/launch/upload.launch.py
[0.919s] -- Installing: /home/addinedu/Desktop/my_mobile/install/my_robot_description/share/my_robot_description/meshes
[0.919s] -- Installing: /home/addinedu/Desktop/my_mobile/install/my_robot_description/share/my_robot_description/meshes/bases
[0.919s] -- Installing: /home/addinedu/Desktop/my_mobile/install/my_robot_description/share/my_robot_description/meshes/bases/Main.stl
[0.925s] -- Installing: /home/addinedu/Desktop/my_mobile/install/my_robot_description/share/my_robot_description/meshes/endoscope_cart.stl
[0.952s] -- Installing: /home/addinedu/Desktop/my_mobile/install/my_robot_description/share/my_robot_description/meshes/endoscopy_room.stl
[0.952s] -- Installing: /home/addinedu/Desktop/my_mobile/install/my_robot_description/share/my_robot_description/meshes/camera.stl
[0.954s] -- Installing: /home/addinedu/Desktop/my_mobile/install/my_robot_description/share/my_robot_description/meshes/2Dlidar.stl
[0.954s] -- Installing: /home/addinedu/Desktop/my_mobile/install/my_robot_description/share/my_robot_description/meshes/Size
[0.954s] -- Installing: /home/addinedu/Desktop/my_mobile/install/my_robot_description/share/my_robot_description/meshes/Size/Lidar Y.jpg
[0.955s] -- Installing: /home/addinedu/Desktop/my_mobile/install/my_robot_description/share/my_robot_description/meshes/Size/STL file
[0.955s] -- Installing: /home/addinedu/Desktop/my_mobile/install/my_robot_description/share/my_robot_description/meshes/Size/STL file/Front_left.stl
[0.957s] -- Installing: /home/addinedu/Desktop/my_mobile/install/my_robot_description/share/my_robot_description/meshes/Size/STL file/Rear_left.stl
[0.962s] -- Installing: /home/addinedu/Desktop/my_mobile/install/my_robot_description/share/my_robot_description/meshes/Size/STL file/Camera.stl
[0.964s] -- Installing: /home/addinedu/Desktop/my_mobile/install/my_robot_description/share/my_robot_description/meshes/Size/STL file/Rear_right.stl
[0.966s] -- Installing: /home/addinedu/Desktop/my_mobile/install/my_robot_description/share/my_robot_description/meshes/Size/STL file/Main.stl
[0.980s] -- Installing: /home/addinedu/Desktop/my_mobile/install/my_robot_description/share/my_robot_description/meshes/Size/STL file/lidar.stl
[0.982s] -- Installing: /home/addinedu/Desktop/my_mobile/install/my_robot_description/share/my_robot_description/meshes/Size/STL file/Front_right.stl
[0.986s] -- Installing: /home/addinedu/Desktop/my_mobile/install/my_robot_description/share/my_robot_description/meshes/Size/Robot length.jpg
[0.987s] -- Installing: /home/addinedu/Desktop/my_mobile/install/my_robot_description/share/my_robot_description/meshes/Size/distance between wheel .jpg
[0.988s] -- Installing: /home/addinedu/Desktop/my_mobile/install/my_robot_description/share/my_robot_description/meshes/Size/Robot width.jpg
[0.989s] -- Installing: /home/addinedu/Desktop/my_mobile/install/my_robot_description/share/my_robot_description/meshes/Size/Bottom view.jpg
[0.989s] -- Installing: /home/addinedu/Desktop/my_mobile/install/my_robot_description/share/my_robot_description/meshes/Size/distance wheel front back.jpg
[0.990s] -- Installing: /home/addinedu/Desktop/my_mobile/install/my_robot_description/share/my_robot_description/meshes/Size/Camera Y.jpg
[0.991s] -- Installing: /home/addinedu/Desktop/my_mobile/install/my_robot_description/share/my_robot_description/meshes/Size/Top view.jpg
[0.992s] -- Installing: /home/addinedu/Desktop/my_mobile/install/my_robot_description/share/my_robot_description/meshes/Size/Wheel radius.jpg
[0.993s] -- Installing: /home/addinedu/Desktop/my_mobile/install/my_robot_description/share/my_robot_description/meshes/Size/lidar X.jpg
[0.994s] -- Installing: /home/addinedu/Desktop/my_mobile/install/my_robot_description/share/my_robot_description/meshes/Size/lidar Z.jpg
[0.995s] -- Installing: /home/addinedu/Desktop/my_mobile/install/my_robot_description/share/my_robot_description/meshes/Size/Camera Z.jpg
[0.996s] -- Installing: /home/addinedu/Desktop/my_mobile/install/my_robot_description/share/my_robot_description/meshes/Size/Camera X.jpg
[0.996s] -- Installing: /home/addinedu/Desktop/my_mobile/install/my_robot_description/share/my_robot_description/meshes/wheel.stl
[0.997s] -- Installing: /home/addinedu/Desktop/my_mobile/install/my_robot_description/share/my_robot_description/meshes/sensors
[0.997s] -- Installing: /home/addinedu/Desktop/my_mobile/install/my_robot_description/share/my_robot_description/meshes/sensors/camera.stl
[1.001s] -- Installing: /home/addinedu/Desktop/my_mobile/install/my_robot_description/share/my_robot_description/meshes/sensors/lidar.stl
[1.002s] -- Installing: /home/addinedu/Desktop/my_mobile/install/my_robot_description/share/my_robot_description/meshes/sensors/Hokuyo.stl
[1.003s] -- Installing: /home/addinedu/Desktop/my_mobile/install/my_robot_description/share/my_robot_description/meshes/castor.stl
[1.006s] -- Installing: /home/addinedu/Desktop/my_mobile/install/my_robot_description/share/my_robot_description/meshes/[08]Basket_Table.pdf
[1.007s] -- Installing: /home/addinedu/Desktop/my_mobile/install/my_robot_description/share/my_robot_description/meshes/wheels
[1.008s] -- Installing: /home/addinedu/Desktop/my_mobile/install/my_robot_description/share/my_robot_description/meshes/wheels/Front_right_wheel.stl
[1.009s] -- Installing: /home/addinedu/Desktop/my_mobile/install/my_robot_description/share/my_robot_description/meshes/wheels/left_tire.stl
[1.012s] -- Installing: /home/addinedu/Desktop/my_mobile/install/my_robot_description/share/my_robot_description/meshes/wheels/Rear_right_wheel.stl
[1.013s] -- Installing: /home/addinedu/Desktop/my_mobile/install/my_robot_description/share/my_robot_description/meshes/wheels/Rear_left_wheel.stl
[1.018s] -- Installing: /home/addinedu/Desktop/my_mobile/install/my_robot_description/share/my_robot_description/meshes/wheels/Front_left_wheel.stl
[1.019s] -- Installing: /home/addinedu/Desktop/my_mobile/install/my_robot_description/share/my_robot_description/meshes/wheels/right_tire.stl
[1.022s] -- Installing: /home/addinedu/Desktop/my_mobile/install/my_robot_description/share/my_robot_description/meshes/surgery_cart.stl
[1.042s] -- Installing: /home/addinedu/Desktop/my_mobile/install/my_robot_description/share/my_robot_description/meshes/3Dlidar.stl
[1.044s] -- Installing: /home/addinedu/Desktop/my_mobile/install/my_robot_description/share/my_robot_description/config
[1.044s] -- Installing: /home/addinedu/Desktop/my_mobile/install/my_robot_description/share/my_robot_description/config/nav2_params_vec.yaml
[1.045s] -- Installing: /home/addinedu/Desktop/my_mobile/install/my_robot_description/share/my_robot_description/config/nav2_params.yaml
[1.045s] -- Installing: /home/addinedu/Desktop/my_mobile/install/my_robot_description/share/my_robot_description/config/lidar.rviz
[1.045s] -- Installing: /home/addinedu/Desktop/my_mobile/install/my_robot_description/share/my_robot_description/config/with_robot.world
[1.045s] -- Installing: /home/addinedu/Desktop/my_mobile/install/my_robot_description/share/my_robot_description/config/mapper_params.yaml
[1.046s] -- Installing: /home/addinedu/Desktop/my_mobile/install/my_robot_description/share/my_robot_description/worlds
[1.046s] -- Installing: /home/addinedu/Desktop/my_mobile/install/my_robot_description/share/my_robot_description/worlds/model.sdf
[1.046s] -- Installing: /home/addinedu/Desktop/my_mobile/install/my_robot_description/share/my_robot_description/worlds/RealMap.sdf
[1.046s] -- Installing: /home/addinedu/Desktop/my_mobile/install/my_robot_description/share/my_robot_description/worlds/RealrealMap
[1.046s] -- Installing: /home/addinedu/Desktop/my_mobile/install/my_robot_description/share/my_robot_description/worlds/simmap_world2
[1.047s] -- Installing: /home/addinedu/Desktop/my_mobile/install/my_robot_description/share/my_robot_description/worlds/simmap_world2/model.sdf
[1.047s] -- Installing: /home/addinedu/Desktop/my_mobile/install/my_robot_description/share/my_robot_description/worlds/simmap_world2/model.config
[1.047s] -- Installing: /home/addinedu/Desktop/my_mobile/install/my_robot_description/share/my_robot_description/worlds/simple_building.world
[1.047s] -- Installing: /home/addinedu/Desktop/my_mobile/install/my_robot_description/share/my_robot_description/worlds/realMap
[1.047s] -- Installing: /home/addinedu/Desktop/my_mobile/install/my_robot_description/share/my_robot_description/worlds/realMap/model.sdf
[1.047s] -- Installing: /home/addinedu/Desktop/my_mobile/install/my_robot_description/share/my_robot_description/worlds/realMap/model.config
[1.047s] -- Installing: /home/addinedu/Desktop/my_mobile/install/my_robot_description/share/my_robot_description/worlds/traffic_world.model
[1.048s] -- Installing: /home/addinedu/Desktop/my_mobile/install/my_robot_description/share/my_robot_description/worlds/RealMap2
[1.048s] -- Installing: /home/addinedu/Desktop/my_mobile/install/my_robot_description/share/my_robot_description/worlds/RealMap2/model.sdf
[1.048s] -- Installing: /home/addinedu/Desktop/my_mobile/install/my_robot_description/share/my_robot_description/worlds/RealMap2/model.config
[1.048s] -- Installing: /home/addinedu/Desktop/my_mobile/install/my_robot_description/share/my_robot_description/worlds/phenix_world.model
[1.048s] -- Installing: /home/addinedu/Desktop/my_mobile/install/my_robot_description/share/my_robot_description/worlds/simmap_world.model
[1.048s] -- Installing: /home/addinedu/Desktop/my_mobile/install/my_robot_description/share/my_robot_description/worlds/mememan_world.model
[1.048s] -- Installing: /home/addinedu/Desktop/my_mobile/install/my_robot_description/share/my_robot_description/models
[1.048s] -- Installing: /home/addinedu/Desktop/my_mobile/install/my_robot_description/share/my_robot_description/models/simple_building
[1.048s] -- Installing: /home/addinedu/Desktop/my_mobile/install/my_robot_description/share/my_robot_description/models/simple_building/RealMap.sdf
[1.048s] -- Installing: /home/addinedu/Desktop/my_mobile/install/my_robot_description/share/my_robot_description/models/simple_building/RealMap.config
[1.049s] -- Installing: /home/addinedu/Desktop/my_mobile/install/my_robot_description/share/my_robot_description/models/neuronbot2_w_front_camera
[1.049s] -- Installing: /home/addinedu/Desktop/my_mobile/install/my_robot_description/share/my_robot_description/models/neuronbot2_w_front_camera/model.sdf
[1.049s] -- Installing: /home/addinedu/Desktop/my_mobile/install/my_robot_description/share/my_robot_description/models/neuronbot2_w_front_camera/model.config
[1.049s] -- Installing: /home/addinedu/Desktop/my_mobile/install/my_robot_description/share/my_robot_description/models/neuronbot2_w_front_camera/meshes
[1.049s] -- Installing: /home/addinedu/Desktop/my_mobile/install/my_robot_description/share/my_robot_description/models/neuronbot2_w_front_camera/meshes/neuronbot2
[1.049s] -- Installing: /home/addinedu/Desktop/my_mobile/install/my_robot_description/share/my_robot_description/models/neuronbot2_w_front_camera/meshes/neuronbot2/wheel_link.stl
[1.052s] -- Installing: /home/addinedu/Desktop/my_mobile/install/my_robot_description/share/my_robot_description/models/neuronbot2_w_front_camera/meshes/neuronbot2/base_link.stl
[1.076s] -- Installing: /home/addinedu/Desktop/my_mobile/install/my_robot_description/share/my_robot_description/models/neuronbot2_w_front_camera/meshes/neuronbot2/laser_link.stl
[1.079s] -- Installing: /home/addinedu/Desktop/my_mobile/install/my_robot_description/share/my_robot_description/models/mememan
[1.079s] -- Installing: /home/addinedu/Desktop/my_mobile/install/my_robot_description/share/my_robot_description/models/mememan/model.sdf
[1.079s] -- Installing: /home/addinedu/Desktop/my_mobile/install/my_robot_description/share/my_robot_description/models/mememan/model.config
[1.079s] -- Installing: /home/addinedu/Desktop/my_mobile/install/my_robot_description/share/my_robot_description/models/neuronbot2_w_top_camera
[1.079s] -- Installing: /home/addinedu/Desktop/my_mobile/install/my_robot_description/share/my_robot_description/models/neuronbot2_w_top_camera/model.sdf
[1.080s] -- Installing: /home/addinedu/Desktop/my_mobile/install/my_robot_description/share/my_robot_description/models/neuronbot2_w_top_camera/model.config
[1.080s] -- Installing: /home/addinedu/Desktop/my_mobile/install/my_robot_description/share/my_robot_description/models/neuronbot2_w_top_camera/meshes
[1.080s] -- Installing: /home/addinedu/Desktop/my_mobile/install/my_robot_description/share/my_robot_description/models/neuronbot2_w_top_camera/meshes/neuronbot2
[1.080s] -- Installing: /home/addinedu/Desktop/my_mobile/install/my_robot_description/share/my_robot_description/models/neuronbot2_w_top_camera/meshes/neuronbot2/wheel_link.stl
[1.082s] -- Installing: /home/addinedu/Desktop/my_mobile/install/my_robot_description/share/my_robot_description/models/neuronbot2_w_top_camera/meshes/neuronbot2/base_link.stl
[1.113s] -- Installing: /home/addinedu/Desktop/my_mobile/install/my_robot_description/share/my_robot_description/models/neuronbot2_w_top_camera/meshes/neuronbot2/laser_link.stl
[1.117s] -- Installing: /home/addinedu/Desktop/my_mobile/install/my_robot_description/share/my_robot_description/models/phenix
[1.117s] -- Installing: /home/addinedu/Desktop/my_mobile/install/my_robot_description/share/my_robot_description/models/phenix/model.sdf
[1.117s] -- Installing: /home/addinedu/Desktop/my_mobile/install/my_robot_description/share/my_robot_description/models/phenix/model.config
[1.117s] -- Installing: /home/addinedu/Desktop/my_mobile/install/my_robot_description/share/my_robot_description/models/simmap
[1.117s] -- Installing: /home/addinedu/Desktop/my_mobile/install/my_robot_description/share/my_robot_description/models/simmap/model.sdf
[1.118s] -- Installing: /home/addinedu/Desktop/my_mobile/install/my_robot_description/share/my_robot_description/models/simmap/model.config
[1.118s] -- Installing: /home/addinedu/Desktop/my_mobile/install/my_robot_description/share/my_robot_description/models/neuronbot2
[1.118s] -- Installing: /home/addinedu/Desktop/my_mobile/install/my_robot_description/share/my_robot_description/models/neuronbot2/model.sdf
[1.118s] -- Installing: /home/addinedu/Desktop/my_mobile/install/my_robot_description/share/my_robot_description/models/neuronbot2/model.config
[1.118s] -- Installing: /home/addinedu/Desktop/my_mobile/install/my_robot_description/share/my_robot_description/models/neuronbot2/meshes
[1.118s] -- Installing: /home/addinedu/Desktop/my_mobile/install/my_robot_description/share/my_robot_description/models/neuronbot2/meshes/neuronbot2
[1.118s] -- Installing: /home/addinedu/Desktop/my_mobile/install/my_robot_description/share/my_robot_description/models/neuronbot2/meshes/neuronbot2/wheel_link.stl
[1.121s] -- Installing: /home/addinedu/Desktop/my_mobile/install/my_robot_description/share/my_robot_description/models/neuronbot2/meshes/neuronbot2/base_link.stl
[1.152s] -- Installing: /home/addinedu/Desktop/my_mobile/install/my_robot_description/share/my_robot_description/models/neuronbot2/meshes/neuronbot2/laser_link.stl
[1.156s] -- Installing: /home/addinedu/Desktop/my_mobile/install/my_robot_description/share/ament_index/resource_index/package_run_dependencies/my_robot_description
[1.157s] -- Installing: /home/addinedu/Desktop/my_mobile/install/my_robot_description/share/ament_index/resource_index/parent_prefix_path/my_robot_description
[1.157s] -- Installing: /home/addinedu/Desktop/my_mobile/install/my_robot_description/share/my_robot_description/environment/ament_prefix_path.sh
[1.157s] -- Installing: /home/addinedu/Desktop/my_mobile/install/my_robot_description/share/my_robot_description/environment/ament_prefix_path.dsv
[1.158s] -- Installing: /home/addinedu/Desktop/my_mobile/install/my_robot_description/share/my_robot_description/environment/path.sh
[1.158s] -- Installing: /home/addinedu/Desktop/my_mobile/install/my_robot_description/share/my_robot_description/environment/path.dsv
[1.158s] -- Installing: /home/addinedu/Desktop/my_mobile/install/my_robot_description/share/my_robot_description/local_setup.bash
[1.158s] -- Installing: /home/addinedu/Desktop/my_mobile/install/my_robot_description/share/my_robot_description/local_setup.sh
[1.158s] -- Installing: /home/addinedu/Desktop/my_mobile/install/my_robot_description/share/my_robot_description/local_setup.zsh
[1.158s] -- Installing: /home/addinedu/Desktop/my_mobile/install/my_robot_description/share/my_robot_description/local_setup.dsv
[1.158s] -- Installing: /home/addinedu/Desktop/my_mobile/install/my_robot_description/share/my_robot_description/package.dsv
[1.158s] -- Installing: /home/addinedu/Desktop/my_mobile/install/my_robot_description/share/ament_index/resource_index/packages/my_robot_description
[1.158s] -- Installing: /home/addinedu/Desktop/my_mobile/install/my_robot_description/share/my_robot_description/cmake/my_robot_descriptionConfig.cmake
[1.158s] -- Installing: /home/addinedu/Desktop/my_mobile/install/my_robot_description/share/my_robot_description/cmake/my_robot_descriptionConfig-version.cmake
[1.158s] -- Installing: /home/addinedu/Desktop/my_mobile/install/my_robot_description/share/my_robot_description/package.xml
[1.161s] Invoked command in '/home/addinedu/Desktop/my_mobile/build/my_robot_description' returned '0': CMAKE_PREFIX_PATH=/opt/ros/humble /usr/local/bin/cmake --install /home/addinedu/Desktop/my_mobile/build/my_robot_description
