/home/addinedu/Desktop/my_mobile/install/goal/lib/python3.10/site-packages/goal/pose_estimator_node.py
/home/addinedu/Desktop/my_mobile/install/goal/lib/python3.10/site-packages/goal/__init__.py
/home/addinedu/Desktop/my_mobile/install/goal/lib/python3.10/site-packages/goal/user_input_node.py
/home/addinedu/Desktop/my_mobile/install/goal/lib/python3.10/site-packages/goal/goal_navigator_node.py
/home/addinedu/Desktop/my_mobile/install/goal/lib/python3.10/site-packages/goal/__pycache__/pose_estimator_node.cpython-310.pyc
/home/addinedu/Desktop/my_mobile/install/goal/lib/python3.10/site-packages/goal/__pycache__/__init__.cpython-310.pyc
/home/addinedu/Desktop/my_mobile/install/goal/lib/python3.10/site-packages/goal/__pycache__/user_input_node.cpython-310.pyc
/home/addinedu/Desktop/my_mobile/install/goal/lib/python3.10/site-packages/goal/__pycache__/goal_navigator_node.cpython-310.pyc
/home/addinedu/Desktop/my_mobile/install/goal/share/ament_index/resource_index/packages/goal
/home/addinedu/Desktop/my_mobile/install/goal/share/goal/package.xml
/home/addinedu/Desktop/my_mobile/install/goal/share/goal/launch/multi_node.launch.py
/home/addinedu/Desktop/my_mobile/install/goal/lib/python3.10/site-packages/goal-0.0.1-py3.10.egg-info/PKG-INFO
/home/addinedu/Desktop/my_mobile/install/goal/lib/python3.10/site-packages/goal-0.0.1-py3.10.egg-info/top_level.txt
/home/addinedu/Desktop/my_mobile/install/goal/lib/python3.10/site-packages/goal-0.0.1-py3.10.egg-info/dependency_links.txt
/home/addinedu/Desktop/my_mobile/install/goal/lib/python3.10/site-packages/goal-0.0.1-py3.10.egg-info/requires.txt
/home/addinedu/Desktop/my_mobile/install/goal/lib/python3.10/site-packages/goal-0.0.1-py3.10.egg-info/entry_points.txt
/home/addinedu/Desktop/my_mobile/install/goal/lib/python3.10/site-packages/goal-0.0.1-py3.10.egg-info/SOURCES.txt
/home/addinedu/Desktop/my_mobile/install/goal/lib/python3.10/site-packages/goal-0.0.1-py3.10.egg-info/zip-safe
/home/addinedu/Desktop/my_mobile/install/goal/lib/goal/goal_navigator
/home/addinedu/Desktop/my_mobile/install/goal/lib/goal/pose_estimator
/home/addinedu/Desktop/my_mobile/install/goal/lib/goal/user_input
