-- Install configuration: ""
-- Up-to-date: /home/addinedu/Desktop/my_mobile/install/my_robot_description/share/my_robot_description/rviz
-- Up-to-date: /home/addinedu/Desktop/my_mobile/install/my_robot_description/share/my_robot_description/rviz/nav2_view.rviz
-- Up-to-date: /home/addinedu/Desktop/my_mobile/install/my_robot_description/share/my_robot_description/rviz/test_gazebo.rviz
-- Up-to-date: /home/addinedu/Desktop/my_mobile/install/my_robot_description/share/my_robot_description/rviz/urdf_config.rviz
-- Up-to-date: /home/addinedu/Desktop/my_mobile/install/my_robot_description/share/my_robot_description/urdf
-- Up-to-date: /home/addinedu/Desktop/my_mobile/install/my_robot_description/share/my_robot_description/urdf/gazebo_control.xacro
-- Up-to-date: /home/addinedu/Desktop/my_mobile/install/my_robot_description/share/my_robot_description/urdf/lidar.xacro
-- Up-to-date: /home/addinedu/Desktop/my_mobile/install/my_robot_description/share/my_robot_description/urdf/macros.xacro
-- Up-to-date: /home/addinedu/Desktop/my_mobile/install/my_robot_description/share/my_robot_description/urdf/camera.xacro
-- Up-to-date: /home/addinedu/Desktop/my_mobile/install/my_robot_description/share/my_robot_description/urdf/robot_core.xacro
-- Up-to-date: /home/addinedu/Desktop/my_mobile/install/my_robot_description/share/my_robot_description/urdf/robot.urdf.xacro
-- Up-to-date: /home/addinedu/Desktop/my_mobile/install/my_robot_description/share/my_robot_description/launch
-- Up-to-date: /home/addinedu/Desktop/my_mobile/install/my_robot_description/share/my_robot_description/launch/map_building.launch.py
-- Up-to-date: /home/addinedu/Desktop/my_mobile/install/my_robot_description/share/my_robot_description/launch/localization_launch.xml
-- Up-to-date: /home/addinedu/Desktop/my_mobile/install/my_robot_description/share/my_robot_description/launch/upload.launch.xml
-- Up-to-date: /home/addinedu/Desktop/my_mobile/install/my_robot_description/share/my_robot_description/launch/bringup_launch.xml
-- Up-to-date: /home/addinedu/Desktop/my_mobile/install/my_robot_description/share/my_robot_description/launch/display.launch.py
-- Up-to-date: /home/addinedu/Desktop/my_mobile/install/my_robot_description/share/my_robot_description/launch/nav2_view.launch.xml
-- Up-to-date: /home/addinedu/Desktop/my_mobile/install/my_robot_description/share/my_robot_description/launch/occupancy_grid.launch.py
-- Up-to-date: /home/addinedu/Desktop/my_mobile/install/my_robot_description/share/my_robot_description/launch/cartographer.launch.py
-- Up-to-date: /home/addinedu/Desktop/my_mobile/install/my_robot_description/share/my_robot_description/launch/navigation_launch.xml
-- Up-to-date: /home/addinedu/Desktop/my_mobile/install/my_robot_description/share/my_robot_description/launch/launch_sim.launch.py
-- Up-to-date: /home/addinedu/Desktop/my_mobile/install/my_robot_description/share/my_robot_description/launch/map_building.launch.xml
-- Up-to-date: /home/addinedu/Desktop/my_mobile/install/my_robot_description/share/my_robot_description/launch/upload.launch.py
-- Up-to-date: /home/addinedu/Desktop/my_mobile/install/my_robot_description/share/my_robot_description/meshes
-- Up-to-date: /home/addinedu/Desktop/my_mobile/install/my_robot_description/share/my_robot_description/meshes/bases
-- Up-to-date: /home/addinedu/Desktop/my_mobile/install/my_robot_description/share/my_robot_description/meshes/bases/Main.stl
-- Up-to-date: /home/addinedu/Desktop/my_mobile/install/my_robot_description/share/my_robot_description/meshes/endoscope_cart.stl
-- Up-to-date: /home/addinedu/Desktop/my_mobile/install/my_robot_description/share/my_robot_description/meshes/endoscopy_room.stl
-- Up-to-date: /home/addinedu/Desktop/my_mobile/install/my_robot_description/share/my_robot_description/meshes/camera.stl
-- Up-to-date: /home/addinedu/Desktop/my_mobile/install/my_robot_description/share/my_robot_description/meshes/2Dlidar.stl
-- Up-to-date: /home/addinedu/Desktop/my_mobile/install/my_robot_description/share/my_robot_description/meshes/Size
-- Up-to-date: /home/addinedu/Desktop/my_mobile/install/my_robot_description/share/my_robot_description/meshes/Size/Lidar Y.jpg
-- Up-to-date: /home/addinedu/Desktop/my_mobile/install/my_robot_description/share/my_robot_description/meshes/Size/STL file
-- Up-to-date: /home/addinedu/Desktop/my_mobile/install/my_robot_description/share/my_robot_description/meshes/Size/STL file/Front_left.stl
-- Up-to-date: /home/addinedu/Desktop/my_mobile/install/my_robot_description/share/my_robot_description/meshes/Size/STL file/Rear_left.stl
-- Up-to-date: /home/addinedu/Desktop/my_mobile/install/my_robot_description/share/my_robot_description/meshes/Size/STL file/Camera.stl
-- Up-to-date: /home/addinedu/Desktop/my_mobile/install/my_robot_description/share/my_robot_description/meshes/Size/STL file/Rear_right.stl
-- Up-to-date: /home/addinedu/Desktop/my_mobile/install/my_robot_description/share/my_robot_description/meshes/Size/STL file/Main.stl
-- Up-to-date: /home/addinedu/Desktop/my_mobile/install/my_robot_description/share/my_robot_description/meshes/Size/STL file/lidar.stl
-- Up-to-date: /home/addinedu/Desktop/my_mobile/install/my_robot_description/share/my_robot_description/meshes/Size/STL file/Front_right.stl
-- Up-to-date: /home/addinedu/Desktop/my_mobile/install/my_robot_description/share/my_robot_description/meshes/Size/Robot length.jpg
-- Up-to-date: /home/addinedu/Desktop/my_mobile/install/my_robot_description/share/my_robot_description/meshes/Size/distance between wheel .jpg
-- Up-to-date: /home/addinedu/Desktop/my_mobile/install/my_robot_description/share/my_robot_description/meshes/Size/Robot width.jpg
-- Up-to-date: /home/addinedu/Desktop/my_mobile/install/my_robot_description/share/my_robot_description/meshes/Size/Bottom view.jpg
-- Up-to-date: /home/addinedu/Desktop/my_mobile/install/my_robot_description/share/my_robot_description/meshes/Size/distance wheel front back.jpg
-- Up-to-date: /home/addinedu/Desktop/my_mobile/install/my_robot_description/share/my_robot_description/meshes/Size/Camera Y.jpg
-- Up-to-date: /home/addinedu/Desktop/my_mobile/install/my_robot_description/share/my_robot_description/meshes/Size/Top view.jpg
-- Up-to-date: /home/addinedu/Desktop/my_mobile/install/my_robot_description/share/my_robot_description/meshes/Size/Wheel radius.jpg
-- Up-to-date: /home/addinedu/Desktop/my_mobile/install/my_robot_description/share/my_robot_description/meshes/Size/lidar X.jpg
-- Up-to-date: /home/addinedu/Desktop/my_mobile/install/my_robot_description/share/my_robot_description/meshes/Size/lidar Z.jpg
-- Up-to-date: /home/addinedu/Desktop/my_mobile/install/my_robot_description/share/my_robot_description/meshes/Size/Camera Z.jpg
-- Up-to-date: /home/addinedu/Desktop/my_mobile/install/my_robot_description/share/my_robot_description/meshes/Size/Camera X.jpg
-- Up-to-date: /home/addinedu/Desktop/my_mobile/install/my_robot_description/share/my_robot_description/meshes/wheel.stl
-- Up-to-date: /home/addinedu/Desktop/my_mobile/install/my_robot_description/share/my_robot_description/meshes/sensors
-- Up-to-date: /home/addinedu/Desktop/my_mobile/install/my_robot_description/share/my_robot_description/meshes/sensors/camera.stl
-- Up-to-date: /home/addinedu/Desktop/my_mobile/install/my_robot_description/share/my_robot_description/meshes/sensors/lidar.stl
-- Up-to-date: /home/addinedu/Desktop/my_mobile/install/my_robot_description/share/my_robot_description/meshes/sensors/Hokuyo.stl
-- Up-to-date: /home/addinedu/Desktop/my_mobile/install/my_robot_description/share/my_robot_description/meshes/castor.stl
-- Up-to-date: /home/addinedu/Desktop/my_mobile/install/my_robot_description/share/my_robot_description/meshes/[08]Basket_Table.pdf
-- Up-to-date: /home/addinedu/Desktop/my_mobile/install/my_robot_description/share/my_robot_description/meshes/wheels
-- Up-to-date: /home/addinedu/Desktop/my_mobile/install/my_robot_description/share/my_robot_description/meshes/wheels/Front_right_wheel.stl
-- Up-to-date: /home/addinedu/Desktop/my_mobile/install/my_robot_description/share/my_robot_description/meshes/wheels/left_tire.stl
-- Up-to-date: /home/addinedu/Desktop/my_mobile/install/my_robot_description/share/my_robot_description/meshes/wheels/Rear_right_wheel.stl
-- Up-to-date: /home/addinedu/Desktop/my_mobile/install/my_robot_description/share/my_robot_description/meshes/wheels/Rear_left_wheel.stl
-- Up-to-date: /home/addinedu/Desktop/my_mobile/install/my_robot_description/share/my_robot_description/meshes/wheels/Front_left_wheel.stl
-- Up-to-date: /home/addinedu/Desktop/my_mobile/install/my_robot_description/share/my_robot_description/meshes/wheels/right_tire.stl
-- Up-to-date: /home/addinedu/Desktop/my_mobile/install/my_robot_description/share/my_robot_description/meshes/surgery_cart.stl
-- Up-to-date: /home/addinedu/Desktop/my_mobile/install/my_robot_description/share/my_robot_description/meshes/3Dlidar.stl
-- Up-to-date: /home/addinedu/Desktop/my_mobile/install/my_robot_description/share/my_robot_description/config
-- Up-to-date: /home/addinedu/Desktop/my_mobile/install/my_robot_description/share/my_robot_description/config/nav2_params_vec.yaml
-- Up-to-date: /home/addinedu/Desktop/my_mobile/install/my_robot_description/share/my_robot_description/config/nav2_params.yaml
-- Up-to-date: /home/addinedu/Desktop/my_mobile/install/my_robot_description/share/my_robot_description/config/lidar.rviz
-- Up-to-date: /home/addinedu/Desktop/my_mobile/install/my_robot_description/share/my_robot_description/config/with_robot.world
-- Up-to-date: /home/addinedu/Desktop/my_mobile/install/my_robot_description/share/my_robot_description/config/mapper_params.yaml
-- Up-to-date: /home/addinedu/Desktop/my_mobile/install/my_robot_description/share/my_robot_description/worlds
-- Up-to-date: /home/addinedu/Desktop/my_mobile/install/my_robot_description/share/my_robot_description/worlds/model.sdf
-- Up-to-date: /home/addinedu/Desktop/my_mobile/install/my_robot_description/share/my_robot_description/worlds/RealMap.sdf
-- Up-to-date: /home/addinedu/Desktop/my_mobile/install/my_robot_description/share/my_robot_description/worlds/huksberry
-- Installing: /home/addinedu/Desktop/my_mobile/install/my_robot_description/share/my_robot_description/worlds/huksberry/model.sdf
-- Up-to-date: /home/addinedu/Desktop/my_mobile/install/my_robot_description/share/my_robot_description/worlds/huksberry/model.config
-- Up-to-date: /home/addinedu/Desktop/my_mobile/install/my_robot_description/share/my_robot_description/worlds/huksberry/meshes
-- Up-to-date: /home/addinedu/Desktop/my_mobile/install/my_robot_description/share/my_robot_description/worlds/huksberry/meshes/huksberry.dae
-- Up-to-date: /home/addinedu/Desktop/my_mobile/install/my_robot_description/share/my_robot_description/worlds/RealrealMap
-- Up-to-date: /home/addinedu/Desktop/my_mobile/install/my_robot_description/share/my_robot_description/worlds/simmap_world2
-- Up-to-date: /home/addinedu/Desktop/my_mobile/install/my_robot_description/share/my_robot_description/worlds/simmap_world2/model.sdf
-- Up-to-date: /home/addinedu/Desktop/my_mobile/install/my_robot_description/share/my_robot_description/worlds/simmap_world2/model.config
-- Up-to-date: /home/addinedu/Desktop/my_mobile/install/my_robot_description/share/my_robot_description/worlds/simple_building.world
-- Up-to-date: /home/addinedu/Desktop/my_mobile/install/my_robot_description/share/my_robot_description/worlds/realMap
-- Up-to-date: /home/addinedu/Desktop/my_mobile/install/my_robot_description/share/my_robot_description/worlds/realMap/model.sdf
-- Up-to-date: /home/addinedu/Desktop/my_mobile/install/my_robot_description/share/my_robot_description/worlds/realMap/model.config
-- Up-to-date: /home/addinedu/Desktop/my_mobile/install/my_robot_description/share/my_robot_description/worlds/traffic_world.model
-- Up-to-date: /home/addinedu/Desktop/my_mobile/install/my_robot_description/share/my_robot_description/worlds/RealMap2
-- Up-to-date: /home/addinedu/Desktop/my_mobile/install/my_robot_description/share/my_robot_description/worlds/RealMap2/model.sdf
-- Up-to-date: /home/addinedu/Desktop/my_mobile/install/my_robot_description/share/my_robot_description/worlds/RealMap2/model.config
-- Up-to-date: /home/addinedu/Desktop/my_mobile/install/my_robot_description/share/my_robot_description/worlds/phenix_world.model
-- Up-to-date: /home/addinedu/Desktop/my_mobile/install/my_robot_description/share/my_robot_description/worlds/simmap_world.model
-- Up-to-date: /home/addinedu/Desktop/my_mobile/install/my_robot_description/share/my_robot_description/worlds/mememan_world.model
-- Up-to-date: /home/addinedu/Desktop/my_mobile/install/my_robot_description/share/my_robot_description/models
-- Up-to-date: /home/addinedu/Desktop/my_mobile/install/my_robot_description/share/my_robot_description/models/simple_building
-- Up-to-date: /home/addinedu/Desktop/my_mobile/install/my_robot_description/share/my_robot_description/models/simple_building/RealMap.sdf
-- Up-to-date: /home/addinedu/Desktop/my_mobile/install/my_robot_description/share/my_robot_description/models/simple_building/RealMap.config
-- Up-to-date: /home/addinedu/Desktop/my_mobile/install/my_robot_description/share/my_robot_description/models/neuronbot2_w_front_camera
-- Up-to-date: /home/addinedu/Desktop/my_mobile/install/my_robot_description/share/my_robot_description/models/neuronbot2_w_front_camera/model.sdf
-- Up-to-date: /home/addinedu/Desktop/my_mobile/install/my_robot_description/share/my_robot_description/models/neuronbot2_w_front_camera/model.config
-- Up-to-date: /home/addinedu/Desktop/my_mobile/install/my_robot_description/share/my_robot_description/models/neuronbot2_w_front_camera/meshes
-- Up-to-date: /home/addinedu/Desktop/my_mobile/install/my_robot_description/share/my_robot_description/models/neuronbot2_w_front_camera/meshes/neuronbot2
-- Up-to-date: /home/addinedu/Desktop/my_mobile/install/my_robot_description/share/my_robot_description/models/neuronbot2_w_front_camera/meshes/neuronbot2/wheel_link.stl
-- Up-to-date: /home/addinedu/Desktop/my_mobile/install/my_robot_description/share/my_robot_description/models/neuronbot2_w_front_camera/meshes/neuronbot2/base_link.stl
-- Up-to-date: /home/addinedu/Desktop/my_mobile/install/my_robot_description/share/my_robot_description/models/neuronbot2_w_front_camera/meshes/neuronbot2/laser_link.stl
-- Up-to-date: /home/addinedu/Desktop/my_mobile/install/my_robot_description/share/my_robot_description/models/mememan
-- Up-to-date: /home/addinedu/Desktop/my_mobile/install/my_robot_description/share/my_robot_description/models/mememan/model.sdf
-- Up-to-date: /home/addinedu/Desktop/my_mobile/install/my_robot_description/share/my_robot_description/models/mememan/model.config
-- Up-to-date: /home/addinedu/Desktop/my_mobile/install/my_robot_description/share/my_robot_description/models/neuronbot2_w_top_camera
-- Up-to-date: /home/addinedu/Desktop/my_mobile/install/my_robot_description/share/my_robot_description/models/neuronbot2_w_top_camera/model.sdf
-- Up-to-date: /home/addinedu/Desktop/my_mobile/install/my_robot_description/share/my_robot_description/models/neuronbot2_w_top_camera/model.config
-- Up-to-date: /home/addinedu/Desktop/my_mobile/install/my_robot_description/share/my_robot_description/models/neuronbot2_w_top_camera/meshes
-- Up-to-date: /home/addinedu/Desktop/my_mobile/install/my_robot_description/share/my_robot_description/models/neuronbot2_w_top_camera/meshes/neuronbot2
-- Up-to-date: /home/addinedu/Desktop/my_mobile/install/my_robot_description/share/my_robot_description/models/neuronbot2_w_top_camera/meshes/neuronbot2/wheel_link.stl
-- Up-to-date: /home/addinedu/Desktop/my_mobile/install/my_robot_description/share/my_robot_description/models/neuronbot2_w_top_camera/meshes/neuronbot2/base_link.stl
-- Up-to-date: /home/addinedu/Desktop/my_mobile/install/my_robot_description/share/my_robot_description/models/neuronbot2_w_top_camera/meshes/neuronbot2/laser_link.stl
-- Up-to-date: /home/addinedu/Desktop/my_mobile/install/my_robot_description/share/my_robot_description/models/phenix
-- Up-to-date: /home/addinedu/Desktop/my_mobile/install/my_robot_description/share/my_robot_description/models/phenix/model.sdf
-- Up-to-date: /home/addinedu/Desktop/my_mobile/install/my_robot_description/share/my_robot_description/models/phenix/model.config
-- Up-to-date: /home/addinedu/Desktop/my_mobile/install/my_robot_description/share/my_robot_description/models/simmap
-- Up-to-date: /home/addinedu/Desktop/my_mobile/install/my_robot_description/share/my_robot_description/models/simmap/model.sdf
-- Up-to-date: /home/addinedu/Desktop/my_mobile/install/my_robot_description/share/my_robot_description/models/simmap/model.config
-- Up-to-date: /home/addinedu/Desktop/my_mobile/install/my_robot_description/share/my_robot_description/models/neuronbot2
-- Up-to-date: /home/addinedu/Desktop/my_mobile/install/my_robot_description/share/my_robot_description/models/neuronbot2/model.sdf
-- Up-to-date: /home/addinedu/Desktop/my_mobile/install/my_robot_description/share/my_robot_description/models/neuronbot2/model.config
-- Up-to-date: /home/addinedu/Desktop/my_mobile/install/my_robot_description/share/my_robot_description/models/neuronbot2/meshes
-- Up-to-date: /home/addinedu/Desktop/my_mobile/install/my_robot_description/share/my_robot_description/models/neuronbot2/meshes/neuronbot2
-- Up-to-date: /home/addinedu/Desktop/my_mobile/install/my_robot_description/share/my_robot_description/models/neuronbot2/meshes/neuronbot2/wheel_link.stl
-- Up-to-date: /home/addinedu/Desktop/my_mobile/install/my_robot_description/share/my_robot_description/models/neuronbot2/meshes/neuronbot2/base_link.stl
-- Up-to-date: /home/addinedu/Desktop/my_mobile/install/my_robot_description/share/my_robot_description/models/neuronbot2/meshes/neuronbot2/laser_link.stl
-- Up-to-date: /home/addinedu/Desktop/my_mobile/install/my_robot_description/share/ament_index/resource_index/package_run_dependencies/my_robot_description
-- Up-to-date: /home/addinedu/Desktop/my_mobile/install/my_robot_description/share/ament_index/resource_index/parent_prefix_path/my_robot_description
-- Up-to-date: /home/addinedu/Desktop/my_mobile/install/my_robot_description/share/my_robot_description/environment/ament_prefix_path.sh
-- Up-to-date: /home/addinedu/Desktop/my_mobile/install/my_robot_description/share/my_robot_description/environment/ament_prefix_path.dsv
-- Up-to-date: /home/addinedu/Desktop/my_mobile/install/my_robot_description/share/my_robot_description/environment/path.sh
-- Up-to-date: /home/addinedu/Desktop/my_mobile/install/my_robot_description/share/my_robot_description/environment/path.dsv
-- Up-to-date: /home/addinedu/Desktop/my_mobile/install/my_robot_description/share/my_robot_description/local_setup.bash
-- Up-to-date: /home/addinedu/Desktop/my_mobile/install/my_robot_description/share/my_robot_description/local_setup.sh
-- Up-to-date: /home/addinedu/Desktop/my_mobile/install/my_robot_description/share/my_robot_description/local_setup.zsh
-- Up-to-date: /home/addinedu/Desktop/my_mobile/install/my_robot_description/share/my_robot_description/local_setup.dsv
-- Installing: /home/addinedu/Desktop/my_mobile/install/my_robot_description/share/my_robot_description/package.dsv
-- Up-to-date: /home/addinedu/Desktop/my_mobile/install/my_robot_description/share/ament_index/resource_index/packages/my_robot_description
-- Up-to-date: /home/addinedu/Desktop/my_mobile/install/my_robot_description/share/my_robot_description/cmake/my_robot_descriptionConfig.cmake
-- Up-to-date: /home/addinedu/Desktop/my_mobile/install/my_robot_description/share/my_robot_description/cmake/my_robot_descriptionConfig-version.cmake
-- Up-to-date: /home/addinedu/Desktop/my_mobile/install/my_robot_description/share/my_robot_description/package.xml
