[0.030s] Invoking command in '/home/addinedu/Desktop/my_mobile/build/turtlebot3_node': CMAKE_PREFIX_PATH=${CMAKE_PREFIX_PATH}:/home/addinedu/Desktop/my_mobile/install/goal:/opt/ros/humble /usr/local/bin/cmake /home/addinedu/Desktop/my_mobile/src/turtlebot3/turtlebot3_node -DCMAKE_INSTALL_PREFIX=/home/addinedu/Desktop/my_mobile/install/turtlebot3_node
[0.745s] -- The C compiler identification is GNU 11.4.0
[0.746s] -- The CXX compiler identification is GNU 11.4.0
[0.746s] -- Detecting C compiler ABI info
[0.746s] -- Detecting C compiler ABI info - done
[0.746s] -- Check for working C compiler: /usr/bin/cc - skipped
[0.746s] -- Detecting C compile features
[0.746s] -- Detecting C compile features - done
[0.746s] -- Detecting CXX compiler ABI info
[0.746s] -- Detecting CXX compiler ABI info - done
[0.746s] -- Check for working CXX compiler: /usr/bin/c++ - skipped
[0.746s] -- Detecting CXX compile features
[0.746s] -- Detecting CXX compile features - done
[0.746s] -- Found ament_cmake: 1.3.11 (/opt/ros/humble/share/ament_cmake/cmake)
[0.746s] -- Found Python3: /usr/bin/python3 (found version "3.10.16") found components: Interpreter
[0.746s] -- Configuring incomplete, errors occurred!
[0.746s] [0mCMake Deprecation Warning at CMakeLists.txt:4 (cmake_minimum_required):
[0.746s]   Compatibility with CMake < 3.10 will be removed from a future version of
[0.746s]   CMake.
[0.746s] 
[0.746s]   Update the VERSION argument <min> value or use a ...<max> suffix to tell
[0.746s]   CMake that the project does not need compatibility with older versions.
[0.746s] 
[0.747s] [0m
[0.747s] [31mCMake Error at CMakeLists.txt:19 (find_package):
[0.747s]   By not providing "Finddynamixel_sdk.cmake" in CMAKE_MODULE_PATH this
[0.747s]   project has asked CMake to find a package configuration file provided by
[0.747s]   "dynamixel_sdk", but CMake did not find one.
[0.747s] 
[0.747s]   Could not find a package configuration file provided by "dynamixel_sdk"
[0.747s]   with any of the following names:
[0.747s] 
[0.747s]     dynamixel_sdkConfig.cmake
[0.747s]     dynamixel_sdk-config.cmake
[0.747s] 
[0.747s]   Add the installation prefix of "dynamixel_sdk" to CMAKE_PREFIX_PATH or set
[0.747s]   "dynamixel_sdk_DIR" to a directory containing one of the above files.  If
[0.747s]   "dynamixel_sdk" provides a separate development package or SDK, be sure it
[0.747s]   has been installed.
[0.747s] 
[0.747s] [0m
[0.752s] Invoked command in '/home/addinedu/Desktop/my_mobile/build/turtlebot3_node' returned '1': CMAKE_PREFIX_PATH=${CMAKE_PREFIX_PATH}:/home/addinedu/Desktop/my_mobile/install/goal:/opt/ros/humble /usr/local/bin/cmake /home/addinedu/Desktop/my_mobile/src/turtlebot3/turtlebot3_node -DCMAKE_INSTALL_PREFIX=/home/addinedu/Desktop/my_mobile/install/turtlebot3_node
