running egg_info
writing ../../build/goal/goal.egg-info/PKG-INFO
writing dependency_links to ../../build/goal/goal.egg-info/dependency_links.txt
writing entry points to ../../build/goal/goal.egg-info/entry_points.txt
writing requirements to ../../build/goal/goal.egg-info/requires.txt
writing top-level names to ../../build/goal/goal.egg-info/top_level.txt
reading manifest file '../../build/goal/goal.egg-info/SOURCES.txt'
writing manifest file '../../build/goal/goal.egg-info/SOURCES.txt'
running build
running build_py
running install
running install_lib
running install_data
running install_egg_info
removing '/home/addinedu/Desktop/my_mobile/install/goal/lib/python3.10/site-packages/goal-0.0.1-py3.10.egg-info' (and everything under it)
Copying ../../build/goal/goal.egg-info to /home/addinedu/Desktop/my_mobile/install/goal/lib/python3.10/site-packages/goal-0.0.1-py3.10.egg-info
running install_scripts
Installing goal_navigator script to /home/addinedu/Desktop/my_mobile/install/goal/lib/goal
Installing pose_estimator script to /home/addinedu/Desktop/my_mobile/install/goal/lib/goal
Installing user_input script to /home/addinedu/Desktop/my_mobile/install/goal/lib/goal
writing list of installed files to '/home/addinedu/Desktop/my_mobile/build/goal/install.log'
