[0.595s] Invoking command in '/home/addinedu/Desktop/my_mobile/src/goal': PYTHONPATH=/home/addinedu/Desktop/my_mobile/build/goal/prefix_override:/usr/lib/python3/dist-packages/colcon_core/task/python/colcon_distutils_commands:/home/addinedu/Desktop/my_mobile/install/goal/lib/python3.10/site-packages:${PYTHONPATH} /usr/bin/python3 -W ignore:setup.py install is deprecated -W ignore:easy_install command is deprecated setup.py egg_info --egg-base ../../build/goal build --build-base /home/addinedu/Desktop/my_mobile/build/goal/build install --record /home/addinedu/Desktop/my_mobile/build/goal/install.log --single-version-externally-managed install_data
[0.783s] running egg_info
[0.783s] writing ../../build/goal/goal.egg-info/PKG-INFO
[0.784s] writing dependency_links to ../../build/goal/goal.egg-info/dependency_links.txt
[0.784s] writing entry points to ../../build/goal/goal.egg-info/entry_points.txt
[0.784s] writing requirements to ../../build/goal/goal.egg-info/requires.txt
[0.784s] writing top-level names to ../../build/goal/goal.egg-info/top_level.txt
[0.785s] reading manifest file '../../build/goal/goal.egg-info/SOURCES.txt'
[0.786s] writing manifest file '../../build/goal/goal.egg-info/SOURCES.txt'
[0.786s] running build
[0.786s] running build_py
[0.786s] running install
[0.786s] running install_lib
[0.787s] running install_data
[0.787s] running install_egg_info
[0.788s] removing '/home/addinedu/Desktop/my_mobile/install/goal/lib/python3.10/site-packages/goal-0.0.1-py3.10.egg-info' (and everything under it)
[0.789s] Copying ../../build/goal/goal.egg-info to /home/addinedu/Desktop/my_mobile/install/goal/lib/python3.10/site-packages/goal-0.0.1-py3.10.egg-info
[0.789s] running install_scripts
[0.802s] Installing goal_navigator script to /home/addinedu/Desktop/my_mobile/install/goal/lib/goal
[0.803s] Installing pose_estimator script to /home/addinedu/Desktop/my_mobile/install/goal/lib/goal
[0.803s] Installing user_input script to /home/addinedu/Desktop/my_mobile/install/goal/lib/goal
[0.803s] writing list of installed files to '/home/addinedu/Desktop/my_mobile/build/goal/install.log'
[0.824s] Invoked command in '/home/addinedu/Desktop/my_mobile/src/goal' returned '0': PYTHONPATH=/home/addinedu/Desktop/my_mobile/build/goal/prefix_override:/usr/lib/python3/dist-packages/colcon_core/task/python/colcon_distutils_commands:/home/addinedu/Desktop/my_mobile/install/goal/lib/python3.10/site-packages:${PYTHONPATH} /usr/bin/python3 -W ignore:setup.py install is deprecated -W ignore:easy_install command is deprecated setup.py egg_info --egg-base ../../build/goal build --build-base /home/addinedu/Desktop/my_mobile/build/goal/build install --record /home/addinedu/Desktop/my_mobile/build/goal/install.log --single-version-externally-managed install_data
