[0.562s] Invoking command in '/home/addinedu/Desktop/my_mobile/src/goal': PYTHONPATH=/home/addinedu/Desktop/my_mobile/build/goal/prefix_override:/usr/lib/python3/dist-packages/colcon_core/task/python/colcon_distutils_commands:/home/addinedu/Desktop/my_mobile/install/goal/lib/python3.10/site-packages:${PYTHONPATH} /usr/bin/python3 -W ignore:setup.py install is deprecated -W ignore:easy_install command is deprecated setup.py egg_info --egg-base ../../build/goal build --build-base /home/addinedu/Desktop/my_mobile/build/goal/build install --record /home/addinedu/Desktop/my_mobile/build/goal/install.log --single-version-externally-managed install_data
[0.765s] running egg_info
[0.765s] creating ../../build/goal/goal.egg-info
[0.765s] writing ../../build/goal/goal.egg-info/PKG-INFO
[0.766s] writing dependency_links to ../../build/goal/goal.egg-info/dependency_links.txt
[0.766s] writing entry points to ../../build/goal/goal.egg-info/entry_points.txt
[0.766s] writing requirements to ../../build/goal/goal.egg-info/requires.txt
[0.766s] writing top-level names to ../../build/goal/goal.egg-info/top_level.txt
[0.766s] writing manifest file '../../build/goal/goal.egg-info/SOURCES.txt'
[0.767s] reading manifest file '../../build/goal/goal.egg-info/SOURCES.txt'
[0.768s] writing manifest file '../../build/goal/goal.egg-info/SOURCES.txt'
[0.768s] running build
[0.768s] running build_py
[0.768s] creating /home/addinedu/Desktop/my_mobile/build/goal/build
[0.768s] creating /home/addinedu/Desktop/my_mobile/build/goal/build/lib
[0.768s] creating /home/addinedu/Desktop/my_mobile/build/goal/build/lib/goal
[0.768s] copying goal/pose_estimator_node.py -> /home/addinedu/Desktop/my_mobile/build/goal/build/lib/goal
[0.768s] copying goal/__init__.py -> /home/addinedu/Desktop/my_mobile/build/goal/build/lib/goal
[0.769s] copying goal/user_input_node.py -> /home/addinedu/Desktop/my_mobile/build/goal/build/lib/goal
[0.769s] copying goal/goal_navigator_node.py -> /home/addinedu/Desktop/my_mobile/build/goal/build/lib/goal
[0.769s] running install
[0.769s] running install_lib
[0.769s] creating /home/addinedu/Desktop/my_mobile/install/goal/lib/python3.10/site-packages/goal
[0.769s] copying /home/addinedu/Desktop/my_mobile/build/goal/build/lib/goal/pose_estimator_node.py -> /home/addinedu/Desktop/my_mobile/install/goal/lib/python3.10/site-packages/goal
[0.769s] copying /home/addinedu/Desktop/my_mobile/build/goal/build/lib/goal/__init__.py -> /home/addinedu/Desktop/my_mobile/install/goal/lib/python3.10/site-packages/goal
[0.769s] copying /home/addinedu/Desktop/my_mobile/build/goal/build/lib/goal/user_input_node.py -> /home/addinedu/Desktop/my_mobile/install/goal/lib/python3.10/site-packages/goal
[0.770s] copying /home/addinedu/Desktop/my_mobile/build/goal/build/lib/goal/goal_navigator_node.py -> /home/addinedu/Desktop/my_mobile/install/goal/lib/python3.10/site-packages/goal
[0.770s] byte-compiling /home/addinedu/Desktop/my_mobile/install/goal/lib/python3.10/site-packages/goal/pose_estimator_node.py to pose_estimator_node.cpython-310.pyc
[0.770s] byte-compiling /home/addinedu/Desktop/my_mobile/install/goal/lib/python3.10/site-packages/goal/__init__.py to __init__.cpython-310.pyc
[0.770s] byte-compiling /home/addinedu/Desktop/my_mobile/install/goal/lib/python3.10/site-packages/goal/user_input_node.py to user_input_node.cpython-310.pyc
[0.771s] byte-compiling /home/addinedu/Desktop/my_mobile/install/goal/lib/python3.10/site-packages/goal/goal_navigator_node.py to goal_navigator_node.cpython-310.pyc
[0.771s] running install_data
[0.771s] creating /home/addinedu/Desktop/my_mobile/install/goal/share/ament_index
[0.772s] creating /home/addinedu/Desktop/my_mobile/install/goal/share/ament_index/resource_index
[0.772s] creating /home/addinedu/Desktop/my_mobile/install/goal/share/ament_index/resource_index/packages
[0.772s] copying resource/goal -> /home/addinedu/Desktop/my_mobile/install/goal/share/ament_index/resource_index/packages
[0.772s] copying package.xml -> /home/addinedu/Desktop/my_mobile/install/goal/share/goal
[0.772s] creating /home/addinedu/Desktop/my_mobile/install/goal/share/goal/launch
[0.772s] copying launch/multi_node.launch.py -> /home/addinedu/Desktop/my_mobile/install/goal/share/goal/launch
[0.772s] running install_egg_info
[0.773s] Copying ../../build/goal/goal.egg-info to /home/addinedu/Desktop/my_mobile/install/goal/lib/python3.10/site-packages/goal-0.0.1-py3.10.egg-info
[0.774s] running install_scripts
[0.790s] Installing goal_navigator script to /home/addinedu/Desktop/my_mobile/install/goal/lib/goal
[0.790s] Installing pose_estimator script to /home/addinedu/Desktop/my_mobile/install/goal/lib/goal
[0.790s] Installing user_input script to /home/addinedu/Desktop/my_mobile/install/goal/lib/goal
[0.790s] writing list of installed files to '/home/addinedu/Desktop/my_mobile/build/goal/install.log'
[0.813s] Invoked command in '/home/addinedu/Desktop/my_mobile/src/goal' returned '0': PYTHONPATH=/home/addinedu/Desktop/my_mobile/build/goal/prefix_override:/usr/lib/python3/dist-packages/colcon_core/task/python/colcon_distutils_commands:/home/addinedu/Desktop/my_mobile/install/goal/lib/python3.10/site-packages:${PYTHONPATH} /usr/bin/python3 -W ignore:setup.py install is deprecated -W ignore:easy_install command is deprecated setup.py egg_info --egg-base ../../build/goal build --build-base /home/addinedu/Desktop/my_mobile/build/goal/build install --record /home/addinedu/Desktop/my_mobile/build/goal/install.log --single-version-externally-managed install_data
