-- Found ament_cmake: 1.3.11 (/opt/ros/humble/share/ament_cmake/cmake)
-- Found rclcpp: 16.0.11 (/opt/ros/humble/share/rclcpp/cmake)
-- Found rosidl_generator_c: 3.1.6 (/opt/ros/humble/share/rosidl_generator_c/cmake)
-- Found rosidl_adapter: 3.1.6 (/opt/ros/humble/share/rosidl_adapter/cmake)
-- Found rosidl_generator_cpp: 3.1.6 (/opt/ros/humble/share/rosidl_generator_cpp/cmake)
-- Using all available rosidl_typesupport_c: rosidl_typesupport_fastrtps_c;rosidl_typesupport_introspection_c
-- Using all available rosidl_typesupport_cpp: rosidl_typesupport_fastrtps_cpp;rosidl_typesupport_introspection_cpp
-- Found rmw_implementation_cmake: 6.1.2 (/opt/ros/humble/share/rmw_implementation_cmake/cmake)
-- Found rmw_fastrtps_cpp: 6.2.7 (/opt/ros/humble/share/rmw_fastrtps_cpp/cmake)
-- Using RMW implementation 'rmw_fastrtps_cpp' as default
-- Found gazebo_dev: 3.9.0 (/opt/ros/humble/share/gazebo_dev/cmake)
-- Found DART: /usr/include (Required is at least version "6.6") found components: dart
-- Found Boost: /usr/lib/x86_64-linux-gnu/cmake/Boost-1.74.0/BoostConfig.cmake (found suitable version "1.74.0", minimum required is "1.40.0") found components: thread system filesystem program_options regex iostreams date_time
-- Looking for ignition-math6 -- found version 6.15.1
-- Searching for dependencies of ignition-math6
-- Looking for OGRE...
-- Found Ogre Ghadamon (1.9.0)
-- Found OGRE: optimized;/usr/lib/x86_64-linux-gnu/libOgreMain.so;debug;/usr/lib/x86_64-linux-gnu/libOgreMain.so
-- Looking for OGRE_Paging...
-- Found OGRE_Paging: optimized;/usr/lib/x86_64-linux-gnu/libOgrePaging.so;debug;/usr/lib/x86_64-linux-gnu/libOgrePaging.so
-- Looking for OGRE_Terrain...
-- Found OGRE_Terrain: optimized;/usr/lib/x86_64-linux-gnu/libOgreTerrain.so;debug;/usr/lib/x86_64-linux-gnu/libOgreTerrain.so
-- Looking for OGRE_Property...
-- Found OGRE_Property: optimized;/usr/lib/x86_64-linux-gnu/libOgreProperty.so;debug;/usr/lib/x86_64-linux-gnu/libOgreProperty.so
-- Looking for OGRE_RTShaderSystem...
-- Found OGRE_RTShaderSystem: optimized;/usr/lib/x86_64-linux-gnu/libOgreRTShaderSystem.so;debug;/usr/lib/x86_64-linux-gnu/libOgreRTShaderSystem.so
-- Looking for OGRE_Volume...
-- Found OGRE_Volume: optimized;/usr/lib/x86_64-linux-gnu/libOgreVolume.so;debug;/usr/lib/x86_64-linux-gnu/libOgreVolume.so
-- Looking for OGRE_Overlay...
-- Found OGRE_Overlay: optimized;/usr/lib/x86_64-linux-gnu/libOgreOverlay.so;debug;/usr/lib/x86_64-linux-gnu/libOgreOverlay.so
-- Looking for ignition-math6 -- found version 6.15.1
-- Looking for ignition-transport8 -- found version 8.2.1
-- Searching for dependencies of ignition-transport8
-- Found Protobuf: /usr/lib/x86_64-linux-gnu/libprotobuf.so (found suitable version "3.12.4", minimum required is "3")
-- Config-file not installed for ZeroMQ -- checking for pkg-config
-- Checking for module 'libzmq >= 4'
--   Found libzmq, version 4.3.4
-- Checking for module 'uuid'
--   Found uuid, version 2.37.2
-- Looking for ignition-msgs5 -- found version 5.8.1
-- Searching for dependencies of ignition-msgs5
-- Looking for ignition-math6 -- found version 6.15.1
-- Checking for module 'tinyxml2'
--   Found tinyxml2, version 9.0.0
-- Looking for ignition-msgs5 -- found version 5.8.1
-- Looking for ignition-common3 -- found version 3.14.0
-- Searching for dependencies of ignition-common3
-- Looking for dlfcn.h - found
-- Looking for libdl - found
-- Searching for <ignition-common3> component [graphics]
-- Looking for ignition-common3-graphics -- found version 3.14.0
-- Searching for dependencies of ignition-common3-graphics
-- Looking for ignition-math6 -- found version 6.15.1
-- Looking for ignition-fuel_tools4 -- found version 4.4.0
-- Searching for dependencies of ignition-fuel_tools4
-- Checking for module 'jsoncpp'
--   Found jsoncpp, version 1.9.5
-- Checking for module 'libzip'
--   Found libzip, version 1.7.3
-- Looking for ignition-common3 -- found version 3.14.0
-- Looking for ignition-math6 -- found version 6.15.1
-- Looking for ignition-msgs5 -- found version 5.8.1
-- Gazebo version: 11.10
-- Found gazebo_msgs: 3.9.0 (/opt/ros/humble/share/gazebo_msgs/cmake)
-- Found Boost: /usr/lib/x86_64-linux-gnu/cmake/Boost-1.74.0/BoostConfig.cmake (found version "1.74.0") found components: system
-- Found Protobuf: /usr/lib/x86_64-linux-gnu/libprotobuf.so (found version "3.12.4")
-- Configuring done (1.2s)
-- Generating done (0.1s)
-- Build files have been written to: /home/addinedu/Desktop/my_mobile/build/my_robot_description
[ 30%] [32mBuilding CXX object CMakeFiles/animated_box_1.dir/src/animated_box_plugin/animated_box_1.cc.o[0m
[ 30%] [32mBuilding CXX object CMakeFiles/animated_box_2.dir/src/animated_box_plugin/animated_box_2.cc.o[0m
[ 30%] [32mBuilding CXX object CMakeFiles/animated_box_3.dir/src/animated_box_plugin/animated_box_3.cc.o[0m
[ 40%] [32mBuilding CXX object CMakeFiles/animated_box_4.dir/src/animated_box_plugin/animated_box_4.cc.o[0m
[ 50%] [32mBuilding CXX object CMakeFiles/integrated_main.dir/src/animated_box_plugin/integrated_main.cc.o[0m
[ 60%] [32m[1mLinking CXX executable integrated_main[0m
[ 60%] Built target integrated_main
[ 70%] [32m[1mLinking CXX shared library libanimated_box_4.so[0m
[ 80%] [32m[1mLinking CXX shared library libanimated_box_2.so[0m
[ 90%] [32m[1mLinking CXX shared library libanimated_box_1.so[0m
[100%] [32m[1mLinking CXX shared library libanimated_box_3.so[0m
[100%] Built target animated_box_4
[100%] Built target animated_box_2
[100%] Built target animated_box_1
[100%] Built target animated_box_3
-- Install configuration: ""
-- Up-to-date: /home/addinedu/Desktop/my_mobile/install/my_robot_description/share/my_robot_description/rviz
-- Up-to-date: /home/addinedu/Desktop/my_mobile/install/my_robot_description/share/my_robot_description/rviz/nav2_view.rviz
-- Up-to-date: /home/addinedu/Desktop/my_mobile/install/my_robot_description/share/my_robot_description/rviz/test_gazebo.rviz
-- Up-to-date: /home/addinedu/Desktop/my_mobile/install/my_robot_description/share/my_robot_description/rviz/urdf_config.rviz
-- Up-to-date: /home/addinedu/Desktop/my_mobile/install/my_robot_description/share/my_robot_description/urdf
-- Up-to-date: /home/addinedu/Desktop/my_mobile/install/my_robot_description/share/my_robot_description/urdf/gazebo_control.xacro
-- Up-to-date: /home/addinedu/Desktop/my_mobile/install/my_robot_description/share/my_robot_description/urdf/lidar.xacro
-- Up-to-date: /home/addinedu/Desktop/my_mobile/install/my_robot_description/share/my_robot_description/urdf/macros.xacro
-- Up-to-date: /home/addinedu/Desktop/my_mobile/install/my_robot_description/share/my_robot_description/urdf/camera.xacro
-- Up-to-date: /home/addinedu/Desktop/my_mobile/install/my_robot_description/share/my_robot_description/urdf/robot_core.xacro
-- Up-to-date: /home/addinedu/Desktop/my_mobile/install/my_robot_description/share/my_robot_description/urdf/robot.urdf.xacro
-- Up-to-date: /home/addinedu/Desktop/my_mobile/install/my_robot_description/share/my_robot_description/launch
-- Up-to-date: /home/addinedu/Desktop/my_mobile/install/my_robot_description/share/my_robot_description/launch/map_building.launch.py
-- Up-to-date: /home/addinedu/Desktop/my_mobile/install/my_robot_description/share/my_robot_description/launch/localization_launch.xml
-- Up-to-date: /home/addinedu/Desktop/my_mobile/install/my_robot_description/share/my_robot_description/launch/upload.launch.xml
-- Up-to-date: /home/addinedu/Desktop/my_mobile/install/my_robot_description/share/my_robot_description/launch/bringup_launch.xml
-- Up-to-date: /home/addinedu/Desktop/my_mobile/install/my_robot_description/share/my_robot_description/launch/display.launch.py
-- Up-to-date: /home/addinedu/Desktop/my_mobile/install/my_robot_description/share/my_robot_description/launch/nav2_view.launch.xml
-- Up-to-date: /home/addinedu/Desktop/my_mobile/install/my_robot_description/share/my_robot_description/launch/occupancy_grid.launch.py
-- Up-to-date: /home/addinedu/Desktop/my_mobile/install/my_robot_description/share/my_robot_description/launch/cartographer.launch.py
-- Up-to-date: /home/addinedu/Desktop/my_mobile/install/my_robot_description/share/my_robot_description/launch/navigation_launch.xml
-- Installing: /home/addinedu/Desktop/my_mobile/install/my_robot_description/share/my_robot_description/launch/launch_sim.launch.py
-- Up-to-date: /home/addinedu/Desktop/my_mobile/install/my_robot_description/share/my_robot_description/launch/map_building.launch.xml
-- Up-to-date: /home/addinedu/Desktop/my_mobile/install/my_robot_description/share/my_robot_description/launch/upload.launch.py
-- Up-to-date: /home/addinedu/Desktop/my_mobile/install/my_robot_description/share/my_robot_description/meshes
-- Up-to-date: /home/addinedu/Desktop/my_mobile/install/my_robot_description/share/my_robot_description/meshes/bases
-- Up-to-date: /home/addinedu/Desktop/my_mobile/install/my_robot_description/share/my_robot_description/meshes/bases/Main.stl
-- Up-to-date: /home/addinedu/Desktop/my_mobile/install/my_robot_description/share/my_robot_description/meshes/endoscope_cart.stl
-- Up-to-date: /home/addinedu/Desktop/my_mobile/install/my_robot_description/share/my_robot_description/meshes/endoscopy_room.stl
-- Up-to-date: /home/addinedu/Desktop/my_mobile/install/my_robot_description/share/my_robot_description/meshes/camera.stl
-- Up-to-date: /home/addinedu/Desktop/my_mobile/install/my_robot_description/share/my_robot_description/meshes/2Dlidar.stl
-- Up-to-date: /home/addinedu/Desktop/my_mobile/install/my_robot_description/share/my_robot_description/meshes/Size
-- Up-to-date: /home/addinedu/Desktop/my_mobile/install/my_robot_description/share/my_robot_description/meshes/Size/Lidar Y.jpg
-- Up-to-date: /home/addinedu/Desktop/my_mobile/install/my_robot_description/share/my_robot_description/meshes/Size/STL file
-- Up-to-date: /home/addinedu/Desktop/my_mobile/install/my_robot_description/share/my_robot_description/meshes/Size/STL file/Front_left.stl
-- Up-to-date: /home/addinedu/Desktop/my_mobile/install/my_robot_description/share/my_robot_description/meshes/Size/STL file/Rear_left.stl
-- Up-to-date: /home/addinedu/Desktop/my_mobile/install/my_robot_description/share/my_robot_description/meshes/Size/STL file/Camera.stl
-- Up-to-date: /home/addinedu/Desktop/my_mobile/install/my_robot_description/share/my_robot_description/meshes/Size/STL file/Rear_right.stl
-- Up-to-date: /home/addinedu/Desktop/my_mobile/install/my_robot_description/share/my_robot_description/meshes/Size/STL file/Main.stl
-- Up-to-date: /home/addinedu/Desktop/my_mobile/install/my_robot_description/share/my_robot_description/meshes/Size/STL file/lidar.stl
-- Up-to-date: /home/addinedu/Desktop/my_mobile/install/my_robot_description/share/my_robot_description/meshes/Size/STL file/Front_right.stl
-- Up-to-date: /home/addinedu/Desktop/my_mobile/install/my_robot_description/share/my_robot_description/meshes/Size/Robot length.jpg
-- Up-to-date: /home/addinedu/Desktop/my_mobile/install/my_robot_description/share/my_robot_description/meshes/Size/distance between wheel .jpg
-- Up-to-date: /home/addinedu/Desktop/my_mobile/install/my_robot_description/share/my_robot_description/meshes/Size/Robot width.jpg
-- Up-to-date: /home/addinedu/Desktop/my_mobile/install/my_robot_description/share/my_robot_description/meshes/Size/Bottom view.jpg
-- Up-to-date: /home/addinedu/Desktop/my_mobile/install/my_robot_description/share/my_robot_description/meshes/Size/distance wheel front back.jpg
-- Up-to-date: /home/addinedu/Desktop/my_mobile/install/my_robot_description/share/my_robot_description/meshes/Size/Camera Y.jpg
-- Up-to-date: /home/addinedu/Desktop/my_mobile/install/my_robot_description/share/my_robot_description/meshes/Size/Top view.jpg
-- Up-to-date: /home/addinedu/Desktop/my_mobile/install/my_robot_description/share/my_robot_description/meshes/Size/Wheel radius.jpg
-- Up-to-date: /home/addinedu/Desktop/my_mobile/install/my_robot_description/share/my_robot_description/meshes/Size/lidar X.jpg
-- Up-to-date: /home/addinedu/Desktop/my_mobile/install/my_robot_description/share/my_robot_description/meshes/Size/lidar Z.jpg
-- Up-to-date: /home/addinedu/Desktop/my_mobile/install/my_robot_description/share/my_robot_description/meshes/Size/Camera Z.jpg
-- Up-to-date: /home/addinedu/Desktop/my_mobile/install/my_robot_description/share/my_robot_description/meshes/Size/Camera X.jpg
-- Up-to-date: /home/addinedu/Desktop/my_mobile/install/my_robot_description/share/my_robot_description/meshes/wheel.stl
-- Up-to-date: /home/addinedu/Desktop/my_mobile/install/my_robot_description/share/my_robot_description/meshes/sensors
-- Up-to-date: /home/addinedu/Desktop/my_mobile/install/my_robot_description/share/my_robot_description/meshes/sensors/camera.stl
-- Up-to-date: /home/addinedu/Desktop/my_mobile/install/my_robot_description/share/my_robot_description/meshes/sensors/lidar.stl
-- Up-to-date: /home/addinedu/Desktop/my_mobile/install/my_robot_description/share/my_robot_description/meshes/sensors/Hokuyo.stl
-- Up-to-date: /home/addinedu/Desktop/my_mobile/install/my_robot_description/share/my_robot_description/meshes/castor.stl
-- Up-to-date: /home/addinedu/Desktop/my_mobile/install/my_robot_description/share/my_robot_description/meshes/[08]Basket_Table.pdf
-- Up-to-date: /home/addinedu/Desktop/my_mobile/install/my_robot_description/share/my_robot_description/meshes/wheels
-- Up-to-date: /home/addinedu/Desktop/my_mobile/install/my_robot_description/share/my_robot_description/meshes/wheels/Front_right_wheel.stl
-- Up-to-date: /home/addinedu/Desktop/my_mobile/install/my_robot_description/share/my_robot_description/meshes/wheels/left_tire.stl
-- Up-to-date: /home/addinedu/Desktop/my_mobile/install/my_robot_description/share/my_robot_description/meshes/wheels/Rear_right_wheel.stl
-- Up-to-date: /home/addinedu/Desktop/my_mobile/install/my_robot_description/share/my_robot_description/meshes/wheels/Rear_left_wheel.stl
-- Up-to-date: /home/addinedu/Desktop/my_mobile/install/my_robot_description/share/my_robot_description/meshes/wheels/Front_left_wheel.stl
-- Up-to-date: /home/addinedu/Desktop/my_mobile/install/my_robot_description/share/my_robot_description/meshes/wheels/right_tire.stl
-- Up-to-date: /home/addinedu/Desktop/my_mobile/install/my_robot_description/share/my_robot_description/meshes/surgery_cart.stl
-- Up-to-date: /home/addinedu/Desktop/my_mobile/install/my_robot_description/share/my_robot_description/meshes/3Dlidar.stl
-- Up-to-date: /home/addinedu/Desktop/my_mobile/install/my_robot_description/share/my_robot_description/config
-- Up-to-date: /home/addinedu/Desktop/my_mobile/install/my_robot_description/share/my_robot_description/config/nav2_params_vec.yaml
-- Up-to-date: /home/addinedu/Desktop/my_mobile/install/my_robot_description/share/my_robot_description/config/nav2_params.yaml
-- Up-to-date: /home/addinedu/Desktop/my_mobile/install/my_robot_description/share/my_robot_description/config/lidar.rviz
-- Up-to-date: /home/addinedu/Desktop/my_mobile/install/my_robot_description/share/my_robot_description/config/with_robot.world
-- Up-to-date: /home/addinedu/Desktop/my_mobile/install/my_robot_description/share/my_robot_description/config/mapper_params.yaml
-- Up-to-date: /home/addinedu/Desktop/my_mobile/install/my_robot_description/share/my_robot_description/worlds
-- Up-to-date: /home/addinedu/Desktop/my_mobile/install/my_robot_description/share/my_robot_description/worlds/huksberry
-- Up-to-date: /home/addinedu/Desktop/my_mobile/install/my_robot_description/share/my_robot_description/worlds/huksberry/model.sdf
-- Up-to-date: /home/addinedu/Desktop/my_mobile/install/my_robot_description/share/my_robot_description/worlds/huksberry/model.config
-- Up-to-date: /home/addinedu/Desktop/my_mobile/install/my_robot_description/share/my_robot_description/worlds/huksberry/meshes
-- Up-to-date: /home/addinedu/Desktop/my_mobile/install/my_robot_description/share/my_robot_description/worlds/huksberry/meshes/huksberry.dae
-- Installing: /home/addinedu/Desktop/my_mobile/install/my_robot_description/share/my_robot_description/worlds/animated_box.world
-- Up-to-date: /home/addinedu/Desktop/my_mobile/install/my_robot_description/share/my_robot_description/worlds/realMap
-- Up-to-date: /home/addinedu/Desktop/my_mobile/install/my_robot_description/share/my_robot_description/worlds/realMap/model.sdf
-- Up-to-date: /home/addinedu/Desktop/my_mobile/install/my_robot_description/share/my_robot_description/worlds/realMap/model.config
-- Installing: /home/addinedu/Desktop/my_mobile/install/my_robot_description/share/my_robot_description/worlds/realMap.world
-- Up-to-date: /home/addinedu/Desktop/my_mobile/install/my_robot_description/share/my_robot_description/models
-- Up-to-date: /home/addinedu/Desktop/my_mobile/install/my_robot_description/share/my_robot_description/models/simple_building
-- Installing: /home/addinedu/Desktop/my_mobile/install/my_robot_description/lib/libanimated_box_1.so
-- Set non-toolchain portion of runtime path of "/home/addinedu/Desktop/my_mobile/install/my_robot_description/lib/libanimated_box_1.so" to ""
-- Installing: /home/addinedu/Desktop/my_mobile/install/my_robot_description/lib/libanimated_box_2.so
-- Set non-toolchain portion of runtime path of "/home/addinedu/Desktop/my_mobile/install/my_robot_description/lib/libanimated_box_2.so" to ""
-- Installing: /home/addinedu/Desktop/my_mobile/install/my_robot_description/lib/libanimated_box_3.so
-- Set non-toolchain portion of runtime path of "/home/addinedu/Desktop/my_mobile/install/my_robot_description/lib/libanimated_box_3.so" to ""
-- Installing: /home/addinedu/Desktop/my_mobile/install/my_robot_description/lib/libanimated_box_4.so
-- Set non-toolchain portion of runtime path of "/home/addinedu/Desktop/my_mobile/install/my_robot_description/lib/libanimated_box_4.so" to ""
-- Installing: /home/addinedu/Desktop/my_mobile/install/my_robot_description/bin/integrated_main
-- Set non-toolchain portion of runtime path of "/home/addinedu/Desktop/my_mobile/install/my_robot_description/bin/integrated_main" to ""
-- Installing: /home/addinedu/Desktop/my_mobile/install/my_robot_description/include/
-- Installing: /home/addinedu/Desktop/my_mobile/install/my_robot_description/include//my_robot_description
-- Installing: /home/addinedu/Desktop/my_mobile/install/my_robot_description/share/my_robot_description/environment/library_path.sh
-- Installing: /home/addinedu/Desktop/my_mobile/install/my_robot_description/share/my_robot_description/environment/library_path.dsv
-- Installing: /home/addinedu/Desktop/my_mobile/install/my_robot_description/share/ament_index/resource_index/package_run_dependencies/my_robot_description
-- Installing: /home/addinedu/Desktop/my_mobile/install/my_robot_description/share/ament_index/resource_index/parent_prefix_path/my_robot_description
-- Up-to-date: /home/addinedu/Desktop/my_mobile/install/my_robot_description/share/my_robot_description/environment/ament_prefix_path.sh
-- Installing: /home/addinedu/Desktop/my_mobile/install/my_robot_description/share/my_robot_description/environment/ament_prefix_path.dsv
-- Up-to-date: /home/addinedu/Desktop/my_mobile/install/my_robot_description/share/my_robot_description/environment/path.sh
-- Installing: /home/addinedu/Desktop/my_mobile/install/my_robot_description/share/my_robot_description/environment/path.dsv
-- Up-to-date: /home/addinedu/Desktop/my_mobile/install/my_robot_description/share/my_robot_description/local_setup.bash
-- Installing: /home/addinedu/Desktop/my_mobile/install/my_robot_description/share/my_robot_description/local_setup.sh
-- Up-to-date: /home/addinedu/Desktop/my_mobile/install/my_robot_description/share/my_robot_description/local_setup.zsh
-- Installing: /home/addinedu/Desktop/my_mobile/install/my_robot_description/share/my_robot_description/local_setup.dsv
-- Installing: /home/addinedu/Desktop/my_mobile/install/my_robot_description/share/my_robot_description/package.dsv
-- Up-to-date: /home/addinedu/Desktop/my_mobile/install/my_robot_description/share/ament_index/resource_index/packages/my_robot_description
-- Installing: /home/addinedu/Desktop/my_mobile/install/my_robot_description/share/my_robot_description/cmake/ament_cmake_export_libraries-extras.cmake
-- Installing: /home/addinedu/Desktop/my_mobile/install/my_robot_description/share/my_robot_description/cmake/my_robot_descriptionConfig.cmake
-- Installing: /home/addinedu/Desktop/my_mobile/install/my_robot_description/share/my_robot_description/cmake/my_robot_descriptionConfig-version.cmake
-- Installing: /home/addinedu/Desktop/my_mobile/install/my_robot_description/share/my_robot_description/package.xml
