running egg_info
writing ../../build/goal/goal.egg-info/PKG-INFO
writing dependency_links to ../../build/goal/goal.egg-info/dependency_links.txt
writing entry points to ../../build/goal/goal.egg-info/entry_points.txt
writing requirements to ../../build/goal/goal.egg-info/requires.txt
writing top-level names to ../../build/goal/goal.egg-info/top_level.txt
reading manifest file '../../build/goal/goal.egg-info/SOURCES.txt'
writing manifest file '../../build/goal/goal.egg-info/SOURCES.txt'
running build
running build_py
copying goal/pose_estimator_node.py -> /home/addinedu/Desktop/my_mobile/build/goal/build/lib/goal
copying goal/user_input_node.py -> /home/addinedu/Desktop/my_mobile/build/goal/build/lib/goal
copying goal/goal_navigator_node.py -> /home/addinedu/Desktop/my_mobile/build/goal/build/lib/goal
running install
running install_lib
copying /home/addinedu/Desktop/my_mobile/build/goal/build/lib/goal/pose_estimator_node.py -> /home/addinedu/Desktop/my_mobile/install/goal/lib/python3.10/site-packages/goal
copying /home/addinedu/Desktop/my_mobile/build/goal/build/lib/goal/user_input_node.py -> /home/addinedu/Desktop/my_mobile/install/goal/lib/python3.10/site-packages/goal
copying /home/addinedu/Desktop/my_mobile/build/goal/build/lib/goal/goal_navigator_node.py -> /home/addinedu/Desktop/my_mobile/install/goal/lib/python3.10/site-packages/goal
byte-compiling /home/addinedu/Desktop/my_mobile/install/goal/lib/python3.10/site-packages/goal/pose_estimator_node.py to pose_estimator_node.cpython-310.pyc
byte-compiling /home/addinedu/Desktop/my_mobile/install/goal/lib/python3.10/site-packages/goal/user_input_node.py to user_input_node.cpython-310.pyc
byte-compiling /home/addinedu/Desktop/my_mobile/install/goal/lib/python3.10/site-packages/goal/goal_navigator_node.py to goal_navigator_node.cpython-310.pyc
running install_data
running install_egg_info
removing '/home/addinedu/Desktop/my_mobile/install/goal/lib/python3.10/site-packages/goal-0.0.1-py3.10.egg-info' (and everything under it)
Copying ../../build/goal/goal.egg-info to /home/addinedu/Desktop/my_mobile/install/goal/lib/python3.10/site-packages/goal-0.0.1-py3.10.egg-info
running install_scripts
Installing goal_navigator script to /home/addinedu/Desktop/my_mobile/install/goal/lib/goal
Installing pose_estimator script to /home/addinedu/Desktop/my_mobile/install/goal/lib/goal
Installing user_input script to /home/addinedu/Desktop/my_mobile/install/goal/lib/goal
writing list of installed files to '/home/addinedu/Desktop/my_mobile/build/goal/install.log'
