[0.528s] Invoking command in '/home/addinedu/Desktop/my_mobile/src/goal': PYTHONPATH=/home/addinedu/Desktop/my_mobile/build/goal/prefix_override:/usr/lib/python3/dist-packages/colcon_core/task/python/colcon_distutils_commands:/home/addinedu/Desktop/my_mobile/install/goal/lib/python3.10/site-packages:${PYTHONPATH} /usr/bin/python3 -W ignore:setup.py install is deprecated -W ignore:easy_install command is deprecated setup.py egg_info --egg-base ../../build/goal build --build-base /home/addinedu/Desktop/my_mobile/build/goal/build install --record /home/addinedu/Desktop/my_mobile/build/goal/install.log --single-version-externally-managed install_data
[0.724s] running egg_info
[0.724s] writing ../../build/goal/goal.egg-info/PKG-INFO
[0.724s] writing dependency_links to ../../build/goal/goal.egg-info/dependency_links.txt
[0.724s] writing entry points to ../../build/goal/goal.egg-info/entry_points.txt
[0.725s] writing requirements to ../../build/goal/goal.egg-info/requires.txt
[0.725s] writing top-level names to ../../build/goal/goal.egg-info/top_level.txt
[0.726s] reading manifest file '../../build/goal/goal.egg-info/SOURCES.txt'
[0.727s] writing manifest file '../../build/goal/goal.egg-info/SOURCES.txt'
[0.727s] running build
[0.727s] running build_py
[0.727s] copying goal/pose_estimator_node.py -> /home/addinedu/Desktop/my_mobile/build/goal/build/lib/goal
[0.727s] copying goal/user_input_node.py -> /home/addinedu/Desktop/my_mobile/build/goal/build/lib/goal
[0.728s] copying goal/goal_navigator_node.py -> /home/addinedu/Desktop/my_mobile/build/goal/build/lib/goal
[0.728s] running install
[0.728s] running install_lib
[0.729s] copying /home/addinedu/Desktop/my_mobile/build/goal/build/lib/goal/pose_estimator_node.py -> /home/addinedu/Desktop/my_mobile/install/goal/lib/python3.10/site-packages/goal
[0.729s] copying /home/addinedu/Desktop/my_mobile/build/goal/build/lib/goal/user_input_node.py -> /home/addinedu/Desktop/my_mobile/install/goal/lib/python3.10/site-packages/goal
[0.729s] copying /home/addinedu/Desktop/my_mobile/build/goal/build/lib/goal/goal_navigator_node.py -> /home/addinedu/Desktop/my_mobile/install/goal/lib/python3.10/site-packages/goal
[0.729s] byte-compiling /home/addinedu/Desktop/my_mobile/install/goal/lib/python3.10/site-packages/goal/pose_estimator_node.py to pose_estimator_node.cpython-310.pyc
[0.730s] byte-compiling /home/addinedu/Desktop/my_mobile/install/goal/lib/python3.10/site-packages/goal/user_input_node.py to user_input_node.cpython-310.pyc
[0.730s] byte-compiling /home/addinedu/Desktop/my_mobile/install/goal/lib/python3.10/site-packages/goal/goal_navigator_node.py to goal_navigator_node.cpython-310.pyc
[0.732s] running install_data
[0.732s] running install_egg_info
[0.733s] removing '/home/addinedu/Desktop/my_mobile/install/goal/lib/python3.10/site-packages/goal-0.0.1-py3.10.egg-info' (and everything under it)
[0.734s] Copying ../../build/goal/goal.egg-info to /home/addinedu/Desktop/my_mobile/install/goal/lib/python3.10/site-packages/goal-0.0.1-py3.10.egg-info
[0.734s] running install_scripts
[0.749s] Installing goal_navigator script to /home/addinedu/Desktop/my_mobile/install/goal/lib/goal
[0.749s] Installing pose_estimator script to /home/addinedu/Desktop/my_mobile/install/goal/lib/goal
[0.749s] Installing user_input script to /home/addinedu/Desktop/my_mobile/install/goal/lib/goal
[0.749s] writing list of installed files to '/home/addinedu/Desktop/my_mobile/build/goal/install.log'
[0.767s] Invoked command in '/home/addinedu/Desktop/my_mobile/src/goal' returned '0': PYTHONPATH=/home/addinedu/Desktop/my_mobile/build/goal/prefix_override:/usr/lib/python3/dist-packages/colcon_core/task/python/colcon_distutils_commands:/home/addinedu/Desktop/my_mobile/install/goal/lib/python3.10/site-packages:${PYTHONPATH} /usr/bin/python3 -W ignore:setup.py install is deprecated -W ignore:easy_install command is deprecated setup.py egg_info --egg-base ../../build/goal build --build-base /home/addinedu/Desktop/my_mobile/build/goal/build install --record /home/addinedu/Desktop/my_mobile/build/goal/install.log --single-version-externally-managed install_data
