[0.090s] DEBUG:colcon:Command line arguments: ['/usr/bin/colcon', 'build']
[0.091s] DEBUG:colcon:Parsed command line arguments: Namespace(log_base=None, log_level=None, verb_name='build', build_base='build', install_base='install', merge_install=False, symlink_install=False, test_result_base=None, continue_on_error=False, executor='parallel', parallel_workers=16, event_handlers=None, ignore_user_meta=False, metas=['./colcon.meta'], base_paths=['.'], packages_ignore=None, packages_ignore_regex=None, paths=None, packages_up_to=None, packages_up_to_regex=None, packages_above=None, packages_above_and_dependencies=None, packages_above_depth=None, packages_select_by_dep=None, packages_skip_by_dep=None, packages_skip_up_to=None, packages_select_build_failed=False, packages_skip_build_finished=False, packages_select_test_failures=False, packages_skip_test_passed=False, packages_select=None, packages_skip=None, packages_select_regex=None, packages_skip_regex=None, packages_start=None, packages_end=None, allow_overriding=[], cmake_args=None, cmake_target=None, cmake_target_skip_unavailable=False, cmake_clean_cache=False, cmake_clean_first=False, cmake_force_configure=False, ament_cmake_args=None, catkin_cmake_args=None, catkin_skip_building_tests=False, mixin_files=None, mixin=None, verb_parser=<colcon_mixin.mixin.mixin_argument.MixinArgumentDecorator object at 0x7030c1390760>, verb_extension=<colcon_core.verb.build.BuildVerb object at 0x7030c1495d20>, main=<bound method BuildVerb.main of <colcon_core.verb.build.BuildVerb object at 0x7030c1495d20>>, mixin_verb=('build',))
[0.260s] Level 1:colcon.colcon_core.package_discovery:discover_packages(colcon_meta) check parameters
[0.261s] Level 1:colcon.colcon_core.package_discovery:discover_packages(recursive) check parameters
[0.261s] Level 1:colcon.colcon_core.package_discovery:discover_packages(ignore) check parameters
[0.261s] Level 1:colcon.colcon_core.package_discovery:discover_packages(path) check parameters
[0.261s] Level 1:colcon.colcon_core.package_discovery:discover_packages(colcon_meta) discover
[0.261s] Level 1:colcon.colcon_core.package_discovery:discover_packages(recursive) discover
[0.261s] INFO:colcon.colcon_core.package_discovery:Crawling recursively for packages in '/home/addinedu/Desktop/my_mobile'
[0.261s] Level 1:colcon.colcon_core.package_identification:_identify(.) by extensions ['ignore', 'ignore_ament_install']
[0.261s] Level 1:colcon.colcon_core.package_identification:_identify(.) by extension 'ignore'
[0.261s] Level 1:colcon.colcon_core.package_identification:_identify(.) by extension 'ignore_ament_install'
[0.261s] Level 1:colcon.colcon_core.package_identification:_identify(.) by extensions ['colcon_pkg']
[0.261s] Level 1:colcon.colcon_core.package_identification:_identify(.) by extension 'colcon_pkg'
[0.261s] Level 1:colcon.colcon_core.package_identification:_identify(.) by extensions ['colcon_meta']
[0.261s] Level 1:colcon.colcon_core.package_identification:_identify(.) by extension 'colcon_meta'
[0.261s] Level 1:colcon.colcon_core.package_identification:_identify(.) by extensions ['ros']
[0.261s] Level 1:colcon.colcon_core.package_identification:_identify(.) by extension 'ros'
[0.280s] Level 1:colcon.colcon_core.package_identification:_identify(.) by extensions ['cmake', 'python']
[0.280s] Level 1:colcon.colcon_core.package_identification:_identify(.) by extension 'cmake'
[0.280s] Level 1:colcon.colcon_core.package_identification:_identify(.) by extension 'python'
[0.280s] Level 1:colcon.colcon_core.package_identification:_identify(.) by extensions ['python_setup_py']
[0.280s] Level 1:colcon.colcon_core.package_identification:_identify(.) by extension 'python_setup_py'
[0.280s] Level 1:colcon.colcon_core.package_identification:_identify(build) by extensions ['ignore', 'ignore_ament_install']
[0.281s] Level 1:colcon.colcon_core.package_identification:_identify(build) by extension 'ignore'
[0.281s] Level 1:colcon.colcon_core.package_identification:_identify(build) ignored
[0.281s] Level 1:colcon.colcon_core.package_identification:_identify(install) by extensions ['ignore', 'ignore_ament_install']
[0.281s] Level 1:colcon.colcon_core.package_identification:_identify(install) by extension 'ignore'
[0.281s] Level 1:colcon.colcon_core.package_identification:_identify(install) ignored
[0.281s] Level 1:colcon.colcon_core.package_identification:_identify(log) by extensions ['ignore', 'ignore_ament_install']
[0.281s] Level 1:colcon.colcon_core.package_identification:_identify(log) by extension 'ignore'
[0.281s] Level 1:colcon.colcon_core.package_identification:_identify(log) ignored
[0.281s] Level 1:colcon.colcon_core.package_identification:_identify(src) by extensions ['ignore', 'ignore_ament_install']
[0.281s] Level 1:colcon.colcon_core.package_identification:_identify(src) by extension 'ignore'
[0.281s] Level 1:colcon.colcon_core.package_identification:_identify(src) by extension 'ignore_ament_install'
[0.281s] Level 1:colcon.colcon_core.package_identification:_identify(src) by extensions ['colcon_pkg']
[0.281s] Level 1:colcon.colcon_core.package_identification:_identify(src) by extension 'colcon_pkg'
[0.281s] Level 1:colcon.colcon_core.package_identification:_identify(src) by extensions ['colcon_meta']
[0.281s] Level 1:colcon.colcon_core.package_identification:_identify(src) by extension 'colcon_meta'
[0.281s] Level 1:colcon.colcon_core.package_identification:_identify(src) by extensions ['ros']
[0.281s] Level 1:colcon.colcon_core.package_identification:_identify(src) by extension 'ros'
[0.282s] Level 1:colcon.colcon_core.package_identification:_identify(src) by extensions ['cmake', 'python']
[0.282s] Level 1:colcon.colcon_core.package_identification:_identify(src) by extension 'cmake'
[0.282s] Level 1:colcon.colcon_core.package_identification:_identify(src) by extension 'python'
[0.282s] Level 1:colcon.colcon_core.package_identification:_identify(src) by extensions ['python_setup_py']
[0.282s] Level 1:colcon.colcon_core.package_identification:_identify(src) by extension 'python_setup_py'
[0.282s] Level 1:colcon.colcon_core.package_identification:_identify(src/goal) by extensions ['ignore', 'ignore_ament_install']
[0.282s] Level 1:colcon.colcon_core.package_identification:_identify(src/goal) by extension 'ignore'
[0.282s] Level 1:colcon.colcon_core.package_identification:_identify(src/goal) by extension 'ignore_ament_install'
[0.282s] Level 1:colcon.colcon_core.package_identification:_identify(src/goal) by extensions ['colcon_pkg']
[0.282s] Level 1:colcon.colcon_core.package_identification:_identify(src/goal) by extension 'colcon_pkg'
[0.282s] Level 1:colcon.colcon_core.package_identification:_identify(src/goal) by extensions ['colcon_meta']
[0.282s] Level 1:colcon.colcon_core.package_identification:_identify(src/goal) by extension 'colcon_meta'
[0.282s] Level 1:colcon.colcon_core.package_identification:_identify(src/goal) by extensions ['ros']
[0.282s] Level 1:colcon.colcon_core.package_identification:_identify(src/goal) by extension 'ros'
[0.284s] DEBUG:colcon.colcon_core.package_identification:Package 'src/goal' with type 'ros.ament_python' and name 'goal'
[0.284s] Level 1:colcon.colcon_core.package_identification:_identify(src/my_robot_description) by extensions ['ignore', 'ignore_ament_install']
[0.284s] Level 1:colcon.colcon_core.package_identification:_identify(src/my_robot_description) by extension 'ignore'
[0.284s] Level 1:colcon.colcon_core.package_identification:_identify(src/my_robot_description) by extension 'ignore_ament_install'
[0.284s] Level 1:colcon.colcon_core.package_identification:_identify(src/my_robot_description) by extensions ['colcon_pkg']
[0.284s] Level 1:colcon.colcon_core.package_identification:_identify(src/my_robot_description) by extension 'colcon_pkg'
[0.285s] Level 1:colcon.colcon_core.package_identification:_identify(src/my_robot_description) by extensions ['colcon_meta']
[0.285s] Level 1:colcon.colcon_core.package_identification:_identify(src/my_robot_description) by extension 'colcon_meta'
[0.285s] Level 1:colcon.colcon_core.package_identification:_identify(src/my_robot_description) by extensions ['ros']
[0.285s] Level 1:colcon.colcon_core.package_identification:_identify(src/my_robot_description) by extension 'ros'
[0.285s] DEBUG:colcon.colcon_core.package_identification:Package 'src/my_robot_description' with type 'ros.ament_cmake' and name 'my_robot_description'
[0.285s] Level 1:colcon.colcon_core.package_identification:_identify(src/my_robot_navigation) by extensions ['ignore', 'ignore_ament_install']
[0.285s] Level 1:colcon.colcon_core.package_identification:_identify(src/my_robot_navigation) by extension 'ignore'
[0.285s] Level 1:colcon.colcon_core.package_identification:_identify(src/my_robot_navigation) by extension 'ignore_ament_install'
[0.285s] Level 1:colcon.colcon_core.package_identification:_identify(src/my_robot_navigation) by extensions ['colcon_pkg']
[0.285s] Level 1:colcon.colcon_core.package_identification:_identify(src/my_robot_navigation) by extension 'colcon_pkg'
[0.285s] Level 1:colcon.colcon_core.package_identification:_identify(src/my_robot_navigation) by extensions ['colcon_meta']
[0.285s] Level 1:colcon.colcon_core.package_identification:_identify(src/my_robot_navigation) by extension 'colcon_meta'
[0.285s] Level 1:colcon.colcon_core.package_identification:_identify(src/my_robot_navigation) by extensions ['ros']
[0.286s] Level 1:colcon.colcon_core.package_identification:_identify(src/my_robot_navigation) by extension 'ros'
[0.286s] DEBUG:colcon.colcon_core.package_identification:Package 'src/my_robot_navigation' with type 'ros.ament_cmake' and name 'my_robot_navigation'
[0.286s] Level 1:colcon.colcon_core.package_discovery:discover_packages(recursive) using defaults
[0.286s] Level 1:colcon.colcon_core.package_discovery:discover_packages(ignore) discover
[0.286s] Level 1:colcon.colcon_core.package_discovery:discover_packages(ignore) using defaults
[0.286s] Level 1:colcon.colcon_core.package_discovery:discover_packages(path) discover
[0.286s] Level 1:colcon.colcon_core.package_discovery:discover_packages(path) using defaults
[0.302s] Level 1:colcon.colcon_core.package_discovery:discover_packages(prefix_path) check parameters
[0.302s] Level 1:colcon.colcon_core.package_discovery:discover_packages(prefix_path) discover
[0.304s] DEBUG:colcon.colcon_installed_package_information.package_discovery:Found 3 installed packages in /home/addinedu/Desktop/my_mobile/install
[0.305s] DEBUG:colcon.colcon_installed_package_information.package_discovery:Found 374 installed packages in /opt/ros/humble
[0.306s] Level 1:colcon.colcon_core.package_discovery:discover_packages(prefix_path) using defaults
[0.341s] Level 5:colcon.colcon_core.verb:set package 'goal' build argument 'cmake_args' from command line to 'None'
[0.341s] Level 5:colcon.colcon_core.verb:set package 'goal' build argument 'cmake_target' from command line to 'None'
[0.341s] Level 5:colcon.colcon_core.verb:set package 'goal' build argument 'cmake_target_skip_unavailable' from command line to 'False'
[0.341s] Level 5:colcon.colcon_core.verb:set package 'goal' build argument 'cmake_clean_cache' from command line to 'False'
[0.341s] Level 5:colcon.colcon_core.verb:set package 'goal' build argument 'cmake_clean_first' from command line to 'False'
[0.341s] Level 5:colcon.colcon_core.verb:set package 'goal' build argument 'cmake_force_configure' from command line to 'False'
[0.341s] Level 5:colcon.colcon_core.verb:set package 'goal' build argument 'ament_cmake_args' from command line to 'None'
[0.341s] Level 5:colcon.colcon_core.verb:set package 'goal' build argument 'catkin_cmake_args' from command line to 'None'
[0.341s] Level 5:colcon.colcon_core.verb:set package 'goal' build argument 'catkin_skip_building_tests' from command line to 'False'
[0.341s] DEBUG:colcon.colcon_core.verb:Building package 'goal' with the following arguments: {'ament_cmake_args': None, 'build_base': '/home/addinedu/Desktop/my_mobile/build/goal', 'catkin_cmake_args': None, 'catkin_skip_building_tests': False, 'cmake_args': None, 'cmake_clean_cache': False, 'cmake_clean_first': False, 'cmake_force_configure': False, 'cmake_target': None, 'cmake_target_skip_unavailable': False, 'install_base': '/home/addinedu/Desktop/my_mobile/install/goal', 'merge_install': False, 'path': '/home/addinedu/Desktop/my_mobile/src/goal', 'symlink_install': False, 'test_result_base': None}
[0.342s] Level 5:colcon.colcon_core.verb:set package 'my_robot_description' build argument 'cmake_args' from command line to 'None'
[0.342s] Level 5:colcon.colcon_core.verb:set package 'my_robot_description' build argument 'cmake_target' from command line to 'None'
[0.342s] Level 5:colcon.colcon_core.verb:set package 'my_robot_description' build argument 'cmake_target_skip_unavailable' from command line to 'False'
[0.342s] Level 5:colcon.colcon_core.verb:set package 'my_robot_description' build argument 'cmake_clean_cache' from command line to 'False'
[0.342s] Level 5:colcon.colcon_core.verb:set package 'my_robot_description' build argument 'cmake_clean_first' from command line to 'False'
[0.342s] Level 5:colcon.colcon_core.verb:set package 'my_robot_description' build argument 'cmake_force_configure' from command line to 'False'
[0.342s] Level 5:colcon.colcon_core.verb:set package 'my_robot_description' build argument 'ament_cmake_args' from command line to 'None'
[0.342s] Level 5:colcon.colcon_core.verb:set package 'my_robot_description' build argument 'catkin_cmake_args' from command line to 'None'
[0.342s] Level 5:colcon.colcon_core.verb:set package 'my_robot_description' build argument 'catkin_skip_building_tests' from command line to 'False'
[0.342s] DEBUG:colcon.colcon_core.verb:Building package 'my_robot_description' with the following arguments: {'ament_cmake_args': None, 'build_base': '/home/addinedu/Desktop/my_mobile/build/my_robot_description', 'catkin_cmake_args': None, 'catkin_skip_building_tests': False, 'cmake_args': None, 'cmake_clean_cache': False, 'cmake_clean_first': False, 'cmake_force_configure': False, 'cmake_target': None, 'cmake_target_skip_unavailable': False, 'install_base': '/home/addinedu/Desktop/my_mobile/install/my_robot_description', 'merge_install': False, 'path': '/home/addinedu/Desktop/my_mobile/src/my_robot_description', 'symlink_install': False, 'test_result_base': None}
[0.342s] Level 5:colcon.colcon_core.verb:set package 'my_robot_navigation' build argument 'cmake_args' from command line to 'None'
[0.342s] Level 5:colcon.colcon_core.verb:set package 'my_robot_navigation' build argument 'cmake_target' from command line to 'None'
[0.342s] Level 5:colcon.colcon_core.verb:set package 'my_robot_navigation' build argument 'cmake_target_skip_unavailable' from command line to 'False'
[0.342s] Level 5:colcon.colcon_core.verb:set package 'my_robot_navigation' build argument 'cmake_clean_cache' from command line to 'False'
[0.342s] Level 5:colcon.colcon_core.verb:set package 'my_robot_navigation' build argument 'cmake_clean_first' from command line to 'False'
[0.342s] Level 5:colcon.colcon_core.verb:set package 'my_robot_navigation' build argument 'cmake_force_configure' from command line to 'False'
[0.342s] Level 5:colcon.colcon_core.verb:set package 'my_robot_navigation' build argument 'ament_cmake_args' from command line to 'None'
[0.342s] Level 5:colcon.colcon_core.verb:set package 'my_robot_navigation' build argument 'catkin_cmake_args' from command line to 'None'
[0.342s] Level 5:colcon.colcon_core.verb:set package 'my_robot_navigation' build argument 'catkin_skip_building_tests' from command line to 'False'
[0.342s] DEBUG:colcon.colcon_core.verb:Building package 'my_robot_navigation' with the following arguments: {'ament_cmake_args': None, 'build_base': '/home/addinedu/Desktop/my_mobile/build/my_robot_navigation', 'catkin_cmake_args': None, 'catkin_skip_building_tests': False, 'cmake_args': None, 'cmake_clean_cache': False, 'cmake_clean_first': False, 'cmake_force_configure': False, 'cmake_target': None, 'cmake_target_skip_unavailable': False, 'install_base': '/home/addinedu/Desktop/my_mobile/install/my_robot_navigation', 'merge_install': False, 'path': '/home/addinedu/Desktop/my_mobile/src/my_robot_navigation', 'symlink_install': False, 'test_result_base': None}
[0.342s] INFO:colcon.colcon_core.executor:Executing jobs using 'parallel' executor
[0.343s] DEBUG:colcon.colcon_parallel_executor.executor.parallel:run_until_complete
[0.344s] INFO:colcon.colcon_ros.task.ament_python.build:Building ROS package in '/home/addinedu/Desktop/my_mobile/src/goal' with build type 'ament_python'
[0.344s] Level 1:colcon.colcon_core.shell:create_environment_hook('goal', 'ament_prefix_path')
[0.345s] INFO:colcon.colcon_core.plugin_system:Skipping extension 'colcon_core.shell.bat': Not used on non-Windows systems
[0.345s] INFO:colcon.colcon_core.shell:Creating environment hook '/home/addinedu/Desktop/my_mobile/install/goal/share/goal/hook/ament_prefix_path.ps1'
[0.346s] INFO:colcon.colcon_core.shell:Creating environment descriptor '/home/addinedu/Desktop/my_mobile/install/goal/share/goal/hook/ament_prefix_path.dsv'
[0.346s] INFO:colcon.colcon_core.shell:Creating environment hook '/home/addinedu/Desktop/my_mobile/install/goal/share/goal/hook/ament_prefix_path.sh'
[0.347s] INFO:colcon.colcon_core.shell:Skip shell extension 'powershell' for command environment: Not usable outside of PowerShell
[0.347s] DEBUG:colcon.colcon_core.shell:Skip shell extension 'dsv' for command environment
[0.350s] INFO:colcon.colcon_ros.task.ament_cmake.build:Building ROS package in '/home/addinedu/Desktop/my_mobile/src/my_robot_description' with build type 'ament_cmake'
[0.350s] INFO:colcon.colcon_cmake.task.cmake.build:Building CMake package in '/home/addinedu/Desktop/my_mobile/src/my_robot_description'
[0.350s] INFO:colcon.colcon_core.shell:Skip shell extension 'powershell' for command environment: Not usable outside of PowerShell
[0.350s] DEBUG:colcon.colcon_core.shell:Skip shell extension 'dsv' for command environment
[0.353s] INFO:colcon.colcon_ros.task.ament_cmake.build:Building ROS package in '/home/addinedu/Desktop/my_mobile/src/my_robot_navigation' with build type 'ament_cmake'
[0.353s] INFO:colcon.colcon_cmake.task.cmake.build:Building CMake package in '/home/addinedu/Desktop/my_mobile/src/my_robot_navigation'
[0.354s] INFO:colcon.colcon_core.shell:Skip shell extension 'powershell' for command environment: Not usable outside of PowerShell
[0.354s] DEBUG:colcon.colcon_core.shell:Skip shell extension 'dsv' for command environment
[0.600s] INFO:colcon.colcon_core.task.python.build:Building Python package in '/home/addinedu/Desktop/my_mobile/src/goal'
[0.601s] INFO:colcon.colcon_core.shell:Skip shell extension 'powershell' for command environment: Not usable outside of PowerShell
[0.601s] DEBUG:colcon.colcon_core.shell:Skip shell extension 'dsv' for command environment
[0.609s] DEBUG:colcon.colcon_core.event_handler.log_command:Invoking command in '/home/addinedu/Desktop/my_mobile/build/my_robot_description': CMAKE_PREFIX_PATH=${CMAKE_PREFIX_PATH}:/home/addinedu/Desktop/my_mobile/install/goal:/opt/ros/humble /usr/local/bin/cmake --build /home/addinedu/Desktop/my_mobile/build/my_robot_description -- -j16 -l16
[0.611s] DEBUG:colcon.colcon_core.event_handler.log_command:Invoking command in '/home/addinedu/Desktop/my_mobile/build/my_robot_navigation': CMAKE_PREFIX_PATH=${CMAKE_PREFIX_PATH}:/home/addinedu/Desktop/my_mobile/install/goal:/opt/ros/humble /usr/local/bin/cmake --build /home/addinedu/Desktop/my_mobile/build/my_robot_navigation -- -j16 -l16
[0.629s] DEBUG:colcon.colcon_core.event_handler.log_command:Invoked command in '/home/addinedu/Desktop/my_mobile/build/my_robot_navigation' returned '0': CMAKE_PREFIX_PATH=${CMAKE_PREFIX_PATH}:/home/addinedu/Desktop/my_mobile/install/goal:/opt/ros/humble /usr/local/bin/cmake --build /home/addinedu/Desktop/my_mobile/build/my_robot_navigation -- -j16 -l16
[0.636s] DEBUG:colcon.colcon_core.event_handler.log_command:Invoking command in '/home/addinedu/Desktop/my_mobile/build/my_robot_navigation': CMAKE_PREFIX_PATH=${CMAKE_PREFIX_PATH}:/home/addinedu/Desktop/my_mobile/install/goal:/opt/ros/humble /usr/local/bin/cmake --install /home/addinedu/Desktop/my_mobile/build/my_robot_navigation
[0.642s] Level 1:colcon.colcon_core.environment:create_environment_scripts_only(my_robot_navigation)
[0.642s] DEBUG:colcon.colcon_core.event_handler.log_command:Invoked command in '/home/addinedu/Desktop/my_mobile/build/my_robot_navigation' returned '0': CMAKE_PREFIX_PATH=${CMAKE_PREFIX_PATH}:/home/addinedu/Desktop/my_mobile/install/goal:/opt/ros/humble /usr/local/bin/cmake --install /home/addinedu/Desktop/my_mobile/build/my_robot_navigation
[0.644s] Level 1:colcon.colcon_core.environment:checking '/home/addinedu/Desktop/my_mobile/install/my_robot_navigation' for CMake module files
[0.645s] Level 1:colcon.colcon_core.environment:checking '/home/addinedu/Desktop/my_mobile/install/my_robot_navigation' for CMake config files
[0.645s] Level 1:colcon.colcon_core.shell:create_environment_hook('my_robot_navigation', 'cmake_prefix_path')
[0.645s] INFO:colcon.colcon_core.shell:Creating environment hook '/home/addinedu/Desktop/my_mobile/install/my_robot_navigation/share/my_robot_navigation/hook/cmake_prefix_path.ps1'
[0.646s] INFO:colcon.colcon_core.shell:Creating environment descriptor '/home/addinedu/Desktop/my_mobile/install/my_robot_navigation/share/my_robot_navigation/hook/cmake_prefix_path.dsv'
[0.646s] INFO:colcon.colcon_core.shell:Creating environment hook '/home/addinedu/Desktop/my_mobile/install/my_robot_navigation/share/my_robot_navigation/hook/cmake_prefix_path.sh'
[0.647s] Level 1:colcon.colcon_core.environment:checking '/home/addinedu/Desktop/my_mobile/install/my_robot_navigation/bin'
[0.647s] Level 1:colcon.colcon_core.environment:checking '/home/addinedu/Desktop/my_mobile/install/my_robot_navigation/lib/pkgconfig/my_robot_navigation.pc'
[0.647s] Level 1:colcon.colcon_core.environment:checking '/home/addinedu/Desktop/my_mobile/install/my_robot_navigation/lib/python3.10/site-packages'
[0.647s] Level 1:colcon.colcon_core.environment:checking '/home/addinedu/Desktop/my_mobile/install/my_robot_navigation/bin'
[0.647s] INFO:colcon.colcon_core.shell:Creating package script '/home/addinedu/Desktop/my_mobile/install/my_robot_navigation/share/my_robot_navigation/package.ps1'
[0.648s] INFO:colcon.colcon_core.shell:Creating package descriptor '/home/addinedu/Desktop/my_mobile/install/my_robot_navigation/share/my_robot_navigation/package.dsv'
[0.648s] INFO:colcon.colcon_core.shell:Creating package script '/home/addinedu/Desktop/my_mobile/install/my_robot_navigation/share/my_robot_navigation/package.sh'
[0.649s] INFO:colcon.colcon_core.shell:Creating package script '/home/addinedu/Desktop/my_mobile/install/my_robot_navigation/share/my_robot_navigation/package.bash'
[0.649s] INFO:colcon.colcon_core.shell:Creating package script '/home/addinedu/Desktop/my_mobile/install/my_robot_navigation/share/my_robot_navigation/package.zsh'
[0.650s] Level 1:colcon.colcon_core.environment:create_file_with_runtime_dependencies(/home/addinedu/Desktop/my_mobile/install/my_robot_navigation/share/colcon-core/packages/my_robot_navigation)
[0.650s] Level 1:colcon.colcon_core.environment:create_environment_scripts_only(my_robot_navigation)
[0.651s] Level 1:colcon.colcon_core.environment:checking '/home/addinedu/Desktop/my_mobile/install/my_robot_navigation' for CMake module files
[0.651s] Level 1:colcon.colcon_core.environment:checking '/home/addinedu/Desktop/my_mobile/install/my_robot_navigation' for CMake config files
[0.651s] Level 1:colcon.colcon_core.shell:create_environment_hook('my_robot_navigation', 'cmake_prefix_path')
[0.651s] INFO:colcon.colcon_core.shell:Creating environment hook '/home/addinedu/Desktop/my_mobile/install/my_robot_navigation/share/my_robot_navigation/hook/cmake_prefix_path.ps1'
[0.652s] INFO:colcon.colcon_core.shell:Creating environment descriptor '/home/addinedu/Desktop/my_mobile/install/my_robot_navigation/share/my_robot_navigation/hook/cmake_prefix_path.dsv'
[0.652s] INFO:colcon.colcon_core.shell:Creating environment hook '/home/addinedu/Desktop/my_mobile/install/my_robot_navigation/share/my_robot_navigation/hook/cmake_prefix_path.sh'
[0.652s] Level 1:colcon.colcon_core.environment:checking '/home/addinedu/Desktop/my_mobile/install/my_robot_navigation/bin'
[0.652s] Level 1:colcon.colcon_core.environment:checking '/home/addinedu/Desktop/my_mobile/install/my_robot_navigation/lib/pkgconfig/my_robot_navigation.pc'
[0.653s] Level 1:colcon.colcon_core.environment:checking '/home/addinedu/Desktop/my_mobile/install/my_robot_navigation/lib/python3.10/site-packages'
[0.653s] Level 1:colcon.colcon_core.environment:checking '/home/addinedu/Desktop/my_mobile/install/my_robot_navigation/bin'
[0.653s] INFO:colcon.colcon_core.shell:Creating package script '/home/addinedu/Desktop/my_mobile/install/my_robot_navigation/share/my_robot_navigation/package.ps1'
[0.653s] INFO:colcon.colcon_core.shell:Creating package descriptor '/home/addinedu/Desktop/my_mobile/install/my_robot_navigation/share/my_robot_navigation/package.dsv'
[0.654s] INFO:colcon.colcon_core.shell:Creating package script '/home/addinedu/Desktop/my_mobile/install/my_robot_navigation/share/my_robot_navigation/package.sh'
[0.654s] INFO:colcon.colcon_core.shell:Creating package script '/home/addinedu/Desktop/my_mobile/install/my_robot_navigation/share/my_robot_navigation/package.bash'
[0.654s] INFO:colcon.colcon_core.shell:Creating package script '/home/addinedu/Desktop/my_mobile/install/my_robot_navigation/share/my_robot_navigation/package.zsh'
[0.655s] Level 1:colcon.colcon_core.environment:create_file_with_runtime_dependencies(/home/addinedu/Desktop/my_mobile/install/my_robot_navigation/share/colcon-core/packages/my_robot_navigation)
[0.970s] DEBUG:colcon.colcon_core.event_handler.log_command:Invoking command in '/home/addinedu/Desktop/my_mobile/src/goal': PYTHONPATH=/home/addinedu/Desktop/my_mobile/build/goal/prefix_override:/usr/lib/python3/dist-packages/colcon_core/task/python/colcon_distutils_commands:/home/addinedu/Desktop/my_mobile/install/goal/lib/python3.10/site-packages:${PYTHONPATH} /usr/bin/python3 -W ignore:setup.py install is deprecated -W ignore:easy_install command is deprecated setup.py egg_info --egg-base ../../build/goal build --build-base /home/addinedu/Desktop/my_mobile/build/goal/build install --record /home/addinedu/Desktop/my_mobile/build/goal/install.log --single-version-externally-managed install_data
[1.260s] Level 1:colcon.colcon_core.environment:checking '/home/addinedu/Desktop/my_mobile/install/goal' for CMake module files
[1.260s] DEBUG:colcon.colcon_core.event_handler.log_command:Invoked command in '/home/addinedu/Desktop/my_mobile/src/goal' returned '0': PYTHONPATH=/home/addinedu/Desktop/my_mobile/build/goal/prefix_override:/usr/lib/python3/dist-packages/colcon_core/task/python/colcon_distutils_commands:/home/addinedu/Desktop/my_mobile/install/goal/lib/python3.10/site-packages:${PYTHONPATH} /usr/bin/python3 -W ignore:setup.py install is deprecated -W ignore:easy_install command is deprecated setup.py egg_info --egg-base ../../build/goal build --build-base /home/addinedu/Desktop/my_mobile/build/goal/build install --record /home/addinedu/Desktop/my_mobile/build/goal/install.log --single-version-externally-managed install_data
[1.261s] Level 1:colcon.colcon_core.environment:checking '/home/addinedu/Desktop/my_mobile/install/goal' for CMake config files
[1.261s] Level 1:colcon.colcon_core.environment:checking '/home/addinedu/Desktop/my_mobile/install/goal/lib'
[1.261s] Level 1:colcon.colcon_core.environment:checking '/home/addinedu/Desktop/my_mobile/install/goal/bin'
[1.261s] Level 1:colcon.colcon_core.environment:checking '/home/addinedu/Desktop/my_mobile/install/goal/lib/pkgconfig/goal.pc'
[1.262s] Level 1:colcon.colcon_core.environment:checking '/home/addinedu/Desktop/my_mobile/install/goal/lib/python3.10/site-packages'
[1.262s] Level 1:colcon.colcon_core.shell:create_environment_hook('goal', 'pythonpath')
[1.262s] INFO:colcon.colcon_core.shell:Creating environment hook '/home/addinedu/Desktop/my_mobile/install/goal/share/goal/hook/pythonpath.ps1'
[1.262s] INFO:colcon.colcon_core.shell:Creating environment descriptor '/home/addinedu/Desktop/my_mobile/install/goal/share/goal/hook/pythonpath.dsv'
[1.262s] INFO:colcon.colcon_core.shell:Creating environment hook '/home/addinedu/Desktop/my_mobile/install/goal/share/goal/hook/pythonpath.sh'
[1.263s] Level 1:colcon.colcon_core.environment:checking '/home/addinedu/Desktop/my_mobile/install/goal/bin'
[1.263s] Level 1:colcon.colcon_core.environment:create_environment_scripts_only(goal)
[1.263s] INFO:colcon.colcon_core.shell:Creating package script '/home/addinedu/Desktop/my_mobile/install/goal/share/goal/package.ps1'
[1.264s] INFO:colcon.colcon_core.shell:Creating package descriptor '/home/addinedu/Desktop/my_mobile/install/goal/share/goal/package.dsv'
[1.264s] INFO:colcon.colcon_core.shell:Creating package script '/home/addinedu/Desktop/my_mobile/install/goal/share/goal/package.sh'
[1.264s] INFO:colcon.colcon_core.shell:Creating package script '/home/addinedu/Desktop/my_mobile/install/goal/share/goal/package.bash'
[1.264s] INFO:colcon.colcon_core.shell:Creating package script '/home/addinedu/Desktop/my_mobile/install/goal/share/goal/package.zsh'
[1.265s] Level 1:colcon.colcon_core.environment:create_file_with_runtime_dependencies(/home/addinedu/Desktop/my_mobile/install/goal/share/colcon-core/packages/goal)
[14.150s] DEBUG:colcon.colcon_core.event_handler.log_command:Invoked command in '/home/addinedu/Desktop/my_mobile/build/my_robot_description' returned '0': CMAKE_PREFIX_PATH=${CMAKE_PREFIX_PATH}:/home/addinedu/Desktop/my_mobile/install/goal:/opt/ros/humble /usr/local/bin/cmake --build /home/addinedu/Desktop/my_mobile/build/my_robot_description -- -j16 -l16
[14.153s] DEBUG:colcon.colcon_core.event_handler.log_command:Invoking command in '/home/addinedu/Desktop/my_mobile/build/my_robot_description': CMAKE_PREFIX_PATH=${CMAKE_PREFIX_PATH}:/home/addinedu/Desktop/my_mobile/install/goal:/opt/ros/humble /usr/local/bin/cmake --install /home/addinedu/Desktop/my_mobile/build/my_robot_description
[14.172s] Level 1:colcon.colcon_core.environment:create_environment_scripts_only(my_robot_description)
[14.172s] Level 1:colcon.colcon_core.environment:checking '/home/addinedu/Desktop/my_mobile/install/my_robot_description' for CMake module files
[14.172s] DEBUG:colcon.colcon_core.event_handler.log_command:Invoked command in '/home/addinedu/Desktop/my_mobile/build/my_robot_description' returned '0': CMAKE_PREFIX_PATH=${CMAKE_PREFIX_PATH}:/home/addinedu/Desktop/my_mobile/install/goal:/opt/ros/humble /usr/local/bin/cmake --install /home/addinedu/Desktop/my_mobile/build/my_robot_description
[14.173s] Level 1:colcon.colcon_core.environment:checking '/home/addinedu/Desktop/my_mobile/install/my_robot_description' for CMake config files
[14.173s] Level 1:colcon.colcon_core.shell:create_environment_hook('my_robot_description', 'cmake_prefix_path')
[14.173s] INFO:colcon.colcon_core.shell:Creating environment hook '/home/addinedu/Desktop/my_mobile/install/my_robot_description/share/my_robot_description/hook/cmake_prefix_path.ps1'
[14.174s] INFO:colcon.colcon_core.shell:Creating environment descriptor '/home/addinedu/Desktop/my_mobile/install/my_robot_description/share/my_robot_description/hook/cmake_prefix_path.dsv'
[14.174s] INFO:colcon.colcon_core.shell:Creating environment hook '/home/addinedu/Desktop/my_mobile/install/my_robot_description/share/my_robot_description/hook/cmake_prefix_path.sh'
[14.174s] Level 1:colcon.colcon_core.environment:checking '/home/addinedu/Desktop/my_mobile/install/my_robot_description/lib'
[14.174s] Level 1:colcon.colcon_core.shell:create_environment_hook('my_robot_description', 'ld_library_path_lib')
[14.175s] INFO:colcon.colcon_core.shell:Creating environment hook '/home/addinedu/Desktop/my_mobile/install/my_robot_description/share/my_robot_description/hook/ld_library_path_lib.ps1'
[14.175s] INFO:colcon.colcon_core.shell:Creating environment descriptor '/home/addinedu/Desktop/my_mobile/install/my_robot_description/share/my_robot_description/hook/ld_library_path_lib.dsv'
[14.175s] INFO:colcon.colcon_core.shell:Creating environment hook '/home/addinedu/Desktop/my_mobile/install/my_robot_description/share/my_robot_description/hook/ld_library_path_lib.sh'
[14.175s] Level 1:colcon.colcon_core.environment:checking '/home/addinedu/Desktop/my_mobile/install/my_robot_description/bin'
[14.175s] Level 1:colcon.colcon_core.shell:create_environment_hook('my_robot_description', 'path')
[14.176s] INFO:colcon.colcon_core.shell:Creating environment hook '/home/addinedu/Desktop/my_mobile/install/my_robot_description/share/my_robot_description/hook/path.ps1'
[14.176s] INFO:colcon.colcon_core.shell:Creating environment descriptor '/home/addinedu/Desktop/my_mobile/install/my_robot_description/share/my_robot_description/hook/path.dsv'
[14.176s] INFO:colcon.colcon_core.shell:Creating environment hook '/home/addinedu/Desktop/my_mobile/install/my_robot_description/share/my_robot_description/hook/path.sh'
[14.176s] Level 1:colcon.colcon_core.environment:checking '/home/addinedu/Desktop/my_mobile/install/my_robot_description/lib/pkgconfig/my_robot_description.pc'
[14.176s] Level 1:colcon.colcon_core.environment:checking '/home/addinedu/Desktop/my_mobile/install/my_robot_description/lib/python3.10/site-packages'
[14.177s] Level 1:colcon.colcon_core.environment:checking '/home/addinedu/Desktop/my_mobile/install/my_robot_description/bin'
[14.177s] Level 1:colcon.colcon_core.shell:create_environment_hook('my_robot_description', 'pythonscriptspath')
[14.177s] INFO:colcon.colcon_core.shell:Creating environment hook '/home/addinedu/Desktop/my_mobile/install/my_robot_description/share/my_robot_description/hook/pythonscriptspath.ps1'
[14.177s] INFO:colcon.colcon_core.shell:Creating environment descriptor '/home/addinedu/Desktop/my_mobile/install/my_robot_description/share/my_robot_description/hook/pythonscriptspath.dsv'
[14.177s] INFO:colcon.colcon_core.shell:Creating environment hook '/home/addinedu/Desktop/my_mobile/install/my_robot_description/share/my_robot_description/hook/pythonscriptspath.sh'
[14.178s] INFO:colcon.colcon_core.shell:Creating package script '/home/addinedu/Desktop/my_mobile/install/my_robot_description/share/my_robot_description/package.ps1'
[14.178s] INFO:colcon.colcon_core.shell:Creating package descriptor '/home/addinedu/Desktop/my_mobile/install/my_robot_description/share/my_robot_description/package.dsv'
[14.178s] INFO:colcon.colcon_core.shell:Creating package script '/home/addinedu/Desktop/my_mobile/install/my_robot_description/share/my_robot_description/package.sh'
[14.179s] INFO:colcon.colcon_core.shell:Creating package script '/home/addinedu/Desktop/my_mobile/install/my_robot_description/share/my_robot_description/package.bash'
[14.179s] INFO:colcon.colcon_core.shell:Creating package script '/home/addinedu/Desktop/my_mobile/install/my_robot_description/share/my_robot_description/package.zsh'
[14.179s] Level 1:colcon.colcon_core.environment:create_file_with_runtime_dependencies(/home/addinedu/Desktop/my_mobile/install/my_robot_description/share/colcon-core/packages/my_robot_description)
[14.180s] Level 1:colcon.colcon_core.environment:create_environment_scripts_only(my_robot_description)
[14.180s] Level 1:colcon.colcon_core.environment:checking '/home/addinedu/Desktop/my_mobile/install/my_robot_description' for CMake module files
[14.180s] Level 1:colcon.colcon_core.environment:checking '/home/addinedu/Desktop/my_mobile/install/my_robot_description' for CMake config files
[14.180s] Level 1:colcon.colcon_core.shell:create_environment_hook('my_robot_description', 'cmake_prefix_path')
[14.181s] INFO:colcon.colcon_core.shell:Creating environment hook '/home/addinedu/Desktop/my_mobile/install/my_robot_description/share/my_robot_description/hook/cmake_prefix_path.ps1'
[14.181s] INFO:colcon.colcon_core.shell:Creating environment descriptor '/home/addinedu/Desktop/my_mobile/install/my_robot_description/share/my_robot_description/hook/cmake_prefix_path.dsv'
[14.181s] INFO:colcon.colcon_core.shell:Creating environment hook '/home/addinedu/Desktop/my_mobile/install/my_robot_description/share/my_robot_description/hook/cmake_prefix_path.sh'
[14.182s] Level 1:colcon.colcon_core.environment:checking '/home/addinedu/Desktop/my_mobile/install/my_robot_description/lib'
[14.182s] Level 1:colcon.colcon_core.shell:create_environment_hook('my_robot_description', 'ld_library_path_lib')
[14.182s] INFO:colcon.colcon_core.shell:Creating environment hook '/home/addinedu/Desktop/my_mobile/install/my_robot_description/share/my_robot_description/hook/ld_library_path_lib.ps1'
[14.182s] INFO:colcon.colcon_core.shell:Creating environment descriptor '/home/addinedu/Desktop/my_mobile/install/my_robot_description/share/my_robot_description/hook/ld_library_path_lib.dsv'
[14.182s] INFO:colcon.colcon_core.shell:Creating environment hook '/home/addinedu/Desktop/my_mobile/install/my_robot_description/share/my_robot_description/hook/ld_library_path_lib.sh'
[14.183s] Level 1:colcon.colcon_core.environment:checking '/home/addinedu/Desktop/my_mobile/install/my_robot_description/bin'
[14.183s] Level 1:colcon.colcon_core.shell:create_environment_hook('my_robot_description', 'path')
[14.183s] INFO:colcon.colcon_core.shell:Creating environment hook '/home/addinedu/Desktop/my_mobile/install/my_robot_description/share/my_robot_description/hook/path.ps1'
[14.183s] INFO:colcon.colcon_core.shell:Creating environment descriptor '/home/addinedu/Desktop/my_mobile/install/my_robot_description/share/my_robot_description/hook/path.dsv'
[14.183s] INFO:colcon.colcon_core.shell:Creating environment hook '/home/addinedu/Desktop/my_mobile/install/my_robot_description/share/my_robot_description/hook/path.sh'
[14.183s] Level 1:colcon.colcon_core.environment:checking '/home/addinedu/Desktop/my_mobile/install/my_robot_description/lib/pkgconfig/my_robot_description.pc'
[14.184s] Level 1:colcon.colcon_core.environment:checking '/home/addinedu/Desktop/my_mobile/install/my_robot_description/lib/python3.10/site-packages'
[14.184s] Level 1:colcon.colcon_core.environment:checking '/home/addinedu/Desktop/my_mobile/install/my_robot_description/bin'
[14.184s] Level 1:colcon.colcon_core.shell:create_environment_hook('my_robot_description', 'pythonscriptspath')
[14.184s] INFO:colcon.colcon_core.shell:Creating environment hook '/home/addinedu/Desktop/my_mobile/install/my_robot_description/share/my_robot_description/hook/pythonscriptspath.ps1'
[14.185s] INFO:colcon.colcon_core.shell:Creating environment descriptor '/home/addinedu/Desktop/my_mobile/install/my_robot_description/share/my_robot_description/hook/pythonscriptspath.dsv'
[14.185s] INFO:colcon.colcon_core.shell:Creating environment hook '/home/addinedu/Desktop/my_mobile/install/my_robot_description/share/my_robot_description/hook/pythonscriptspath.sh'
[14.185s] INFO:colcon.colcon_core.shell:Creating package script '/home/addinedu/Desktop/my_mobile/install/my_robot_description/share/my_robot_description/package.ps1'
[14.186s] INFO:colcon.colcon_core.shell:Creating package descriptor '/home/addinedu/Desktop/my_mobile/install/my_robot_description/share/my_robot_description/package.dsv'
[14.186s] INFO:colcon.colcon_core.shell:Creating package script '/home/addinedu/Desktop/my_mobile/install/my_robot_description/share/my_robot_description/package.sh'
[14.186s] INFO:colcon.colcon_core.shell:Creating package script '/home/addinedu/Desktop/my_mobile/install/my_robot_description/share/my_robot_description/package.bash'
[14.187s] INFO:colcon.colcon_core.shell:Creating package script '/home/addinedu/Desktop/my_mobile/install/my_robot_description/share/my_robot_description/package.zsh'
[14.187s] Level 1:colcon.colcon_core.environment:create_file_with_runtime_dependencies(/home/addinedu/Desktop/my_mobile/install/my_robot_description/share/colcon-core/packages/my_robot_description)
[14.187s] DEBUG:colcon.colcon_parallel_executor.executor.parallel:closing loop
[14.188s] DEBUG:colcon.colcon_parallel_executor.executor.parallel:loop closed
[14.188s] DEBUG:colcon.colcon_parallel_executor.executor.parallel:run_until_complete finished with '0'
[14.188s] DEBUG:colcon.colcon_core.event_reactor:joining thread
[14.192s] INFO:colcon.colcon_core.plugin_system:Skipping extension 'colcon_notification.desktop_notification.terminal_notifier': Not used on non-Darwin systems
[14.192s] INFO:colcon.colcon_core.plugin_system:Skipping extension 'colcon_notification.desktop_notification.win32': Not used on non-Windows systems
[14.192s] INFO:colcon.colcon_notification.desktop_notification:Sending desktop notification using 'notify2'
[14.204s] DEBUG:colcon.colcon_core.event_reactor:joined thread
[14.204s] INFO:colcon.colcon_core.shell:Creating prefix script '/home/addinedu/Desktop/my_mobile/install/local_setup.ps1'
[14.205s] INFO:colcon.colcon_core.shell:Creating prefix util module '/home/addinedu/Desktop/my_mobile/install/_local_setup_util_ps1.py'
[14.206s] INFO:colcon.colcon_core.shell:Creating prefix chain script '/home/addinedu/Desktop/my_mobile/install/setup.ps1'
[14.207s] INFO:colcon.colcon_core.shell:Creating prefix script '/home/addinedu/Desktop/my_mobile/install/local_setup.sh'
[14.208s] INFO:colcon.colcon_core.shell:Creating prefix util module '/home/addinedu/Desktop/my_mobile/install/_local_setup_util_sh.py'
[14.208s] INFO:colcon.colcon_core.shell:Creating prefix chain script '/home/addinedu/Desktop/my_mobile/install/setup.sh'
[14.209s] INFO:colcon.colcon_core.shell:Creating prefix script '/home/addinedu/Desktop/my_mobile/install/local_setup.bash'
[14.210s] INFO:colcon.colcon_core.shell:Creating prefix chain script '/home/addinedu/Desktop/my_mobile/install/setup.bash'
[14.210s] INFO:colcon.colcon_core.shell:Creating prefix script '/home/addinedu/Desktop/my_mobile/install/local_setup.zsh'
[14.211s] INFO:colcon.colcon_core.shell:Creating prefix chain script '/home/addinedu/Desktop/my_mobile/install/setup.zsh'
